#
# There is insufficient memory for the Java Runtime Environment to continue.
# Native memory allocation (malloc) failed to allocate 229344 bytes for Chunk::new
# Possible reasons:
#   The system is out of physical RAM or swap space
#   The process is running with CompressedOops enabled, and the Java Heap may be blocking the growth of the native heap
# Possible solutions:
#   Reduce memory load on the system
#   Increase physical memory or swap space
#   Check if swap backing store is full
#   Decrease Java heap size (-Xmx/-Xms)
#   Decrease number of Java threads
#   Decrease Java thread stack sizes (-Xss)
#   Set larger code cache with -XX:ReservedCodeCacheSize=
#   JVM is running with Unscaled Compressed Oops mode in which the Java heap is
#     placed in the first 4GB address space. The Java Heap base address is the
#     maximum limit for the native heap growth. Please use -XX:HeapBaseMinAddress
#     to set the Java Heap base and to place the Java Heap above 4GB virtual address.
# This output file may be truncated or incomplete.
#
#  Out of Memory Error (arena.cpp:191), pid=15284, tid=21960
#
# JRE version: OpenJDK Runtime Environment Temurin-17.0.9+9 (17.0.9+9) (build 17.0.9+9)
# Java VM: OpenJDK 64-Bit Server VM Temurin-17.0.9+9 (17.0.9+9, mixed mode, tiered, compressed oops, compressed class ptrs, parallel gc, windows-amd64)
# No core dump will be written. Minidumps are not enabled by default on client versions of Windows
#

---------------  S U M M A R Y ------------

Command Line: --add-modules=ALL-SYSTEM --add-opens=java.base/java.util=ALL-UNNAMED --add-opens=java.base/java.lang=ALL-UNNAMED --add-opens=java.base/sun.nio.fs=ALL-UNNAMED -Declipse.application=org.eclipse.jdt.ls.core.id1 -Dosgi.bundles.defaultStartLevel=4 -Declipse.product=org.eclipse.jdt.ls.core.product -Djava.import.generatesMetadataFilesAtProjectRoot=false -DDetectVMInstallationsJob.disabled=true -Dfile.encoding=utf8 -XX:+UseParallelGC -XX:GCTimeRatio=4 -XX:AdaptiveSizePolicyWeight=90 -Dsun.zip.disableMemoryMapping=true -Xmx1G -Xms100m -Xlog:disable -javaagent:c:\Users\User Dell 151120\.vscode\extensions\redhat.java-1.25.1-win32-x64\lombok\lombok-1.18.30.jar c:\Users\User Dell 151120\.vscode\extensions\redhat.java-1.25.1-win32-x64\server\plugins\org.eclipse.equinox.launcher_1.6.600.v20231106-1826.jar -configuration c:\Users\User Dell 151120\AppData\Roaming\Code\User\globalStorage\redhat.java\1.25.1\config_ss_win -data c:\Users\User Dell 151120\AppData\Roaming\Code\User\workspaceStorage\08665995820bbbd342532487f6008b65\redhat.java\ss_ws --stdio

Host: Intel(R) Core(TM) i5-1035G1 CPU @ 1.00GHz, 8 cores, 7G,  Windows 11 , 64 bit Build 22621 (10.0.22621.2506)
Time: Tue Jan  2 15:11:42 2024 SE Asia Standard Time elapsed time: 11.717986 seconds (0d 0h 0m 11s)

---------------  T H R E A D  ---------------

Current thread (0x00000206e98f3c40):  JavaThread "C2 CompilerThread0" daemon [_thread_in_native, id=21960, stack(0x00000030d8a00000,0x00000030d8b00000)]


Current CompileTask:
C2:  11718 3601       4       jdk.internal.jimage.ImageReader$SharedImageReader$$Lambda$210/0x00000001003b9718::visit (13 bytes)

Stack: [0x00000030d8a00000,0x00000030d8b00000]
Native frames: (J=compiled Java code, j=interpreted, Vv=VM code, C=native code)
V  [jvm.dll+0x67cf49]
V  [jvm.dll+0x83478a]
V  [jvm.dll+0x83624e]
V  [jvm.dll+0x8368b3]
V  [jvm.dll+0x247f1f]
V  [jvm.dll+0xac43c]
V  [jvm.dll+0xaca8c]
V  [jvm.dll+0x367067]
V  [jvm.dll+0x1bd3b6]
V  [jvm.dll+0x21a709]
V  [jvm.dll+0x2199d1]
V  [jvm.dll+0x1a57cd]
V  [jvm.dll+0x2297ae]
V  [jvm.dll+0x22797c]
V  [jvm.dll+0x7e9877]
V  [jvm.dll+0x7e3c3a]
V  [jvm.dll+0x67be35]
C  [ucrtbase.dll+0x29363]
C  [KERNEL32.DLL+0x1257d]
C  [ntdll.dll+0x5aa58]


---------------  P R O C E S S  ---------------

Threads class SMR info:
_java_thread_list=0x00000206eade6da0, length=23, elements={
0x00000206d0749ad0, 0x00000206e45dcec0, 0x00000206e45de890, 0x00000206e98ef330,
0x00000206e98efc00, 0x00000206e98f04d0, 0x00000206e98f0e90, 0x00000206e98f3c40,
0x00000206e995b0a0, 0x00000206e9971380, 0x00000206e9a27290, 0x00000206e9bea3a0,
0x00000206eb03aad0, 0x00000206eae2ea00, 0x00000206eae17250, 0x00000206eb377d70,
0x00000206eb307ee0, 0x00000206eb306080, 0x00000206eb3074c0, 0x00000206eb3079d0,
0x00000206eb306590, 0x00000206eb306aa0, 0x00000206eb308e10
}

Java Threads: ( => current thread )
  0x00000206d0749ad0 JavaThread "main" [_thread_blocked, id=9428, stack(0x00000030d8100000,0x00000030d8200000)]
  0x00000206e45dcec0 JavaThread "Reference Handler" daemon [_thread_blocked, id=9580, stack(0x00000030d8400000,0x00000030d8500000)]
  0x00000206e45de890 JavaThread "Finalizer" daemon [_thread_blocked, id=22488, stack(0x00000030d8500000,0x00000030d8600000)]
  0x00000206e98ef330 JavaThread "Signal Dispatcher" daemon [_thread_blocked, id=7948, stack(0x00000030d8600000,0x00000030d8700000)]
  0x00000206e98efc00 JavaThread "Attach Listener" daemon [_thread_blocked, id=3628, stack(0x00000030d8700000,0x00000030d8800000)]
  0x00000206e98f04d0 JavaThread "Service Thread" daemon [_thread_blocked, id=22272, stack(0x00000030d8800000,0x00000030d8900000)]
  0x00000206e98f0e90 JavaThread "Monitor Deflation Thread" daemon [_thread_blocked, id=16392, stack(0x00000030d8900000,0x00000030d8a00000)]
=>0x00000206e98f3c40 JavaThread "C2 CompilerThread0" daemon [_thread_in_native, id=21960, stack(0x00000030d8a00000,0x00000030d8b00000)]
  0x00000206e995b0a0 JavaThread "C1 CompilerThread0" daemon [_thread_blocked, id=13016, stack(0x00000030d8b00000,0x00000030d8c00000)]
  0x00000206e9971380 JavaThread "Sweeper thread" daemon [_thread_blocked, id=11524, stack(0x00000030d8c00000,0x00000030d8d00000)]
  0x00000206e9a27290 JavaThread "Common-Cleaner" daemon [_thread_blocked, id=24284, stack(0x00000030d8d00000,0x00000030d8e00000)]
  0x00000206e9bea3a0 JavaThread "Notification Thread" daemon [_thread_blocked, id=26176, stack(0x00000030d8e00000,0x00000030d8f00000)]
  0x00000206eb03aad0 JavaThread "Active Thread: Equinox Container: 450ca13e-b866-42c9-bb44-e4b9842e2340" [_thread_blocked, id=25760, stack(0x00000030d9600000,0x00000030d9700000)]
  0x00000206eae2ea00 JavaThread "Framework Event Dispatcher: Equinox Container: 450ca13e-b866-42c9-bb44-e4b9842e2340" daemon [_thread_blocked, id=22228, stack(0x00000030d9700000,0x00000030d9800000)]
  0x00000206eae17250 JavaThread "Start Level: Equinox Container: 450ca13e-b866-42c9-bb44-e4b9842e2340" daemon [_thread_blocked, id=12580, stack(0x00000030d9800000,0x00000030d9900000)]
  0x00000206eb377d70 JavaThread "SCR Component Actor" daemon [_thread_blocked, id=14528, stack(0x00000030d9900000,0x00000030d9a00000)]
  0x00000206eb307ee0 JavaThread "Worker-JM" [_thread_blocked, id=25640, stack(0x00000030d9c00000,0x00000030d9d00000)]
  0x00000206eb306080 JavaThread "Worker-0" [_thread_blocked, id=10916, stack(0x00000030d9d00000,0x00000030d9e00000)]
  0x00000206eb3074c0 JavaThread "Worker-1" [_thread_blocked, id=15476, stack(0x00000030d9e00000,0x00000030d9f00000)]
  0x00000206eb3079d0 JavaThread "JNA Cleaner" daemon [_thread_blocked, id=8716, stack(0x00000030da000000,0x00000030da100000)]
  0x00000206eb306590 JavaThread "pool-2-thread-1" [_thread_blocked, id=5088, stack(0x00000030da100000,0x00000030da200000)]
  0x00000206eb306aa0 JavaThread "WorkspaceEventsHandler" [_thread_blocked, id=26368, stack(0x00000030da200000,0x00000030da300000)]
  0x00000206eb308e10 JavaThread "pool-1-thread-1" [_thread_in_native, id=24908, stack(0x00000030da300000,0x00000030da400000)]

Other Threads:
  0x00000206d07fece0 VMThread "VM Thread" [stack: 0x00000030d8300000,0x00000030d8400000] [id=4368]
  0x00000206e9beb280 WatcherThread [stack: 0x00000030d8f00000,0x00000030d9000000] [id=2864]
  0x00000206d075fac0 GCTaskThread "GC Thread#0" [stack: 0x00000030d8200000,0x00000030d8300000] [id=23772]
  0x00000206eabd2160 GCTaskThread "GC Thread#1" [stack: 0x00000030d9000000,0x00000030d9100000] [id=22620]
  0x00000206e9c8e8b0 GCTaskThread "GC Thread#2" [stack: 0x00000030d9100000,0x00000030d9200000] [id=9944]
  0x00000206ead55150 GCTaskThread "GC Thread#3" [stack: 0x00000030d9200000,0x00000030d9300000] [id=14416]
  0x00000206ead55410 GCTaskThread "GC Thread#4" [stack: 0x00000030d9300000,0x00000030d9400000] [id=14368]
  0x00000206ead556d0 GCTaskThread "GC Thread#5" [stack: 0x00000030d9400000,0x00000030d9500000] [id=13916]
  0x00000206ead55990 GCTaskThread "GC Thread#6" [stack: 0x00000030d9500000,0x00000030d9600000] [id=20576]
  0x00000206eafc73b0 GCTaskThread "GC Thread#7" [stack: 0x00000030d9a00000,0x00000030d9b00000] [id=5156]

Threads with active compile tasks:
C2 CompilerThread0    11774 3601       4       jdk.internal.jimage.ImageReader$SharedImageReader$$Lambda$210/0x00000001003b9718::visit (13 bytes)

VM state: not at safepoint (normal execution)

VM Mutex/Monitor currently owned by a thread: None

Heap address: 0x00000000c0000000, size: 1024 MB, Compressed Oops mode: 32-bit

CDS archive(s) not mapped
Compressed class space mapped at: 0x0000000100000000-0x0000000140000000, reserved size: 1073741824
Narrow klass base: 0x0000000000000000, Narrow klass shift: 3, Narrow klass range: 0x140000000

GC Precious Log:
 CPUs: 8 total, 8 available
 Memory: 7959M
 Large Page Support: Disabled
 NUMA Support: Disabled
 Compressed Oops: Enabled (32-bit)
 Alignments: Space 512K, Generation 512K, Heap 2M
 Heap Min Capacity: 100M
 Heap Initial Capacity: 100M
 Heap Max Capacity: 1G
 Pre-touch: Disabled
 Parallel Workers: 8

Heap:
 PSYoungGen      total 24576K, used 6054K [0x00000000eab00000, 0x00000000ec580000, 0x0000000100000000)
  eden space 22016K, 16% used [0x00000000eab00000,0x00000000eae89930,0x00000000ec080000)
  from space 2560K, 95% used [0x00000000ec080000,0x00000000ec2e0010,0x00000000ec300000)
  to   space 2560K, 0% used [0x00000000ec300000,0x00000000ec300000,0x00000000ec580000)
 ParOldGen       total 68608K, used 20655K [0x00000000c0000000, 0x00000000c4300000, 0x00000000eab00000)
  object space 68608K, 30% used [0x00000000c0000000,0x00000000c142bdb8,0x00000000c4300000)
 Metaspace       used 36877K, committed 37504K, reserved 1114112K
  class space    used 3750K, committed 4032K, reserved 1048576K

Card table byte_map: [0x00000206d0110000,0x00000206d0320000] _byte_map_base: 0x00000206cfb10000

Marking Bits: (ParMarkBitMap*) 0x00007ffe8d80d0b0
 Begin Bits: [0x00000206e23e0000, 0x00000206e33e0000)
 End Bits:   [0x00000206e33e0000, 0x00000206e43e0000)

Polling page: 0x00000206cff00000

Metaspace:

Usage:
  Non-class:     32.35 MB used.
      Class:      3.66 MB used.
       Both:     36.01 MB used.

Virtual space:
  Non-class space:       64.00 MB reserved,      32.69 MB ( 51%) committed,  1 nodes.
      Class space:        1.00 GB reserved,       3.94 MB ( <1%) committed,  1 nodes.
             Both:        1.06 GB reserved,      36.62 MB (  3%) committed. 

Chunk freelists:
   Non-Class:  14.77 MB
       Class:  11.89 MB
        Both:  26.66 MB

MaxMetaspaceSize: unlimited
CompressedClassSpaceSize: 1.00 GB
Initial GC threshold: 21.00 MB
Current GC threshold: 58.38 MB
CDS: off
MetaspaceReclaimPolicy: balanced
 - commit_granule_bytes: 65536.
 - commit_granule_words: 8192.
 - virtual_space_node_default_size: 8388608.
 - enlarge_chunks_in_place: 1.
 - new_chunks_are_fully_committed: 0.
 - uncommit_free_chunks: 1.
 - use_allocation_guard: 0.
 - handle_deallocations: 1.


Internal statistics:

num_allocs_failed_limit: 6.
num_arena_births: 358.
num_arena_deaths: 14.
num_vsnodes_births: 2.
num_vsnodes_deaths: 0.
num_space_committed: 586.
num_space_uncommitted: 0.
num_chunks_returned_to_freelist: 20.
num_chunks_taken_from_freelist: 1520.
num_chunk_merges: 7.
num_chunk_splits: 975.
num_chunks_enlarged: 634.
num_inconsistent_stats: 0.

CodeHeap 'non-profiled nmethods': size=120000Kb used=1679Kb max_used=1679Kb free=118320Kb
 bounds [0x00000206daeb0000, 0x00000206db120000, 0x00000206e23e0000]
CodeHeap 'profiled nmethods': size=120000Kb used=7405Kb max_used=7405Kb free=112595Kb
 bounds [0x00000206d33e0000, 0x00000206d3b20000, 0x00000206da910000]
CodeHeap 'non-nmethods': size=5760Kb used=1283Kb max_used=1319Kb free=4476Kb
 bounds [0x00000206da910000, 0x00000206dab80000, 0x00000206daeb0000]
 total_blobs=4277 nmethods=3682 adapters=509
 compilation: enabled
              stopped_count=0, restarted_count=0
 full_count=0

Compilation events (20 events):
Event: 11.572 Thread 0x00000206e98f3c40 nmethod 3580 0x00000206db050290 code [0x00000206db050460, 0x00000206db0507d8]
Event: 11.572 Thread 0x00000206e98f3c40 3581       4       jdk.internal.jrtfs.JrtFileSystemProvider::readAttributes (25 bytes)
Event: 11.576 Thread 0x00000206e98f3c40 nmethod 3581 0x00000206db050c10 code [0x00000206db050dc0, 0x00000206db050fa8]
Event: 11.576 Thread 0x00000206e98f3c40 3582       4       jdk.internal.jrtfs.JrtFileSystem::getFileAttributes (42 bytes)
Event: 11.580 Thread 0x00000206e98f3c40 nmethod 3582 0x00000206db051290 code [0x00000206db051420, 0x00000206db051588]
Event: 11.580 Thread 0x00000206e98f3c40 3583       4       jdk.internal.jrtfs.JrtFileAttributes::isDirectory (8 bytes)
Event: 11.581 Thread 0x00000206e98f3c40 nmethod 3583 0x00000206db051790 code [0x00000206db051900, 0x00000206db051998]
Event: 11.581 Thread 0x00000206e98f3c40 3586       4       java.nio.file.FileTreeWalker$Event::<init> (9 bytes)
Event: 11.582 Thread 0x00000206e98f3c40 nmethod 3586 0x00000206db051a90 code [0x00000206db051c00, 0x00000206db051c98]
Event: 11.582 Thread 0x00000206e98f3c40 3552       4       java.util.Spliterators$1Adapter::next (39 bytes)
Event: 11.583 Thread 0x00000206e98f3c40 nmethod 3552 0x00000206db051d90 code [0x00000206db051f00, 0x00000206db051fb8]
Event: 11.583 Thread 0x00000206e98f3c40 3591       4       jdk.internal.jrtfs.JrtDirectoryStream$1::next (5 bytes)
Event: 11.586 Thread 0x00000206e98f3c40 nmethod 3591 0x00000206db052090 code [0x00000206db052220, 0x00000206db052518]
Event: 11.586 Thread 0x00000206e98f3c40 3592   !   4       jdk.internal.jrtfs.JrtDirectoryStream$1::next (48 bytes)
Event: 11.590 Thread 0x00000206e98f3c40 nmethod 3592 0x00000206db052710 code [0x00000206db0528a0, 0x00000206db052b98]
Event: 11.590 Thread 0x00000206e98f3c40 3597       4       jdk.internal.jimage.ImageLocation::readFrom (26 bytes)
Event: 11.609 Thread 0x00000206e98f3c40 nmethod 3597 0x00000206db052d90 code [0x00000206db052f40, 0x00000206db053618]
Event: 11.609 Thread 0x00000206e98f3c40 3600   !   4       jdk.internal.jimage.ImageReader$SharedImageReader::imageFileAttributes (46 bytes)
Event: 11.610 Thread 0x00000206e98f3c40 nmethod 3600 0x00000206db053b90 code [0x00000206db053d00, 0x00000206db053d98]
Event: 11.610 Thread 0x00000206e98f3c40 3601       4       jdk.internal.jimage.ImageReader$SharedImageReader$$Lambda$210/0x00000001003b9718::visit (13 bytes)

GC Heap History (20 events):
Event: 6.724 GC heap before
{Heap before GC invocations=6 (full 1):
 PSYoungGen      total 29696K, used 25600K [0x00000000eab00000, 0x00000000ecc00000, 0x0000000100000000)
  eden space 25600K, 100% used [0x00000000eab00000,0x00000000ec400000,0x00000000ec400000)
  from space 4096K, 0% used [0x00000000ec800000,0x00000000ec800000,0x00000000ecc00000)
  to   space 4096K, 0% used [0x00000000ec400000,0x00000000ec400000,0x00000000ec800000)
 ParOldGen       total 68608K, used 6596K [0x00000000c0000000, 0x00000000c4300000, 0x00000000eab00000)
  object space 68608K, 9% used [0x00000000c0000000,0x00000000c0671298,0x00000000c4300000)
 Metaspace       used 24459K, committed 24960K, reserved 1114112K
  class space    used 2396K, committed 2624K, reserved 1048576K
}
Event: 6.725 GC heap after
{Heap after GC invocations=6 (full 1):
 PSYoungGen      total 26112K, used 715K [0x00000000eab00000, 0x00000000ec880000, 0x0000000100000000)
  eden space 25088K, 0% used [0x00000000eab00000,0x00000000eab00000,0x00000000ec380000)
  from space 1024K, 69% used [0x00000000ec400000,0x00000000ec4b2ee0,0x00000000ec500000)
  to   space 2560K, 0% used [0x00000000ec600000,0x00000000ec600000,0x00000000ec880000)
 ParOldGen       total 68608K, used 6604K [0x00000000c0000000, 0x00000000c4300000, 0x00000000eab00000)
  object space 68608K, 9% used [0x00000000c0000000,0x00000000c0673298,0x00000000c4300000)
 Metaspace       used 24459K, committed 24960K, reserved 1114112K
  class space    used 2396K, committed 2624K, reserved 1048576K
}
Event: 7.097 GC heap before
{Heap before GC invocations=7 (full 1):
 PSYoungGen      total 26112K, used 25803K [0x00000000eab00000, 0x00000000ec880000, 0x0000000100000000)
  eden space 25088K, 100% used [0x00000000eab00000,0x00000000ec380000,0x00000000ec380000)
  from space 1024K, 69% used [0x00000000ec400000,0x00000000ec4b2ee0,0x00000000ec500000)
  to   space 2560K, 0% used [0x00000000ec600000,0x00000000ec600000,0x00000000ec880000)
 ParOldGen       total 68608K, used 6604K [0x00000000c0000000, 0x00000000c4300000, 0x00000000eab00000)
  object space 68608K, 9% used [0x00000000c0000000,0x00000000c0673298,0x00000000c4300000)
 Metaspace       used 27405K, committed 27904K, reserved 1114112K
  class space    used 2643K, committed 2880K, reserved 1048576K
}
Event: 7.099 GC heap after
{Heap after GC invocations=7 (full 1):
 PSYoungGen      total 26112K, used 1195K [0x00000000eab00000, 0x00000000ec780000, 0x0000000100000000)
  eden space 24576K, 0% used [0x00000000eab00000,0x00000000eab00000,0x00000000ec300000)
  from space 1536K, 77% used [0x00000000ec600000,0x00000000ec72aee0,0x00000000ec780000)
  to   space 1536K, 0% used [0x00000000ec480000,0x00000000ec480000,0x00000000ec600000)
 ParOldGen       total 68608K, used 6612K [0x00000000c0000000, 0x00000000c4300000, 0x00000000eab00000)
  object space 68608K, 9% used [0x00000000c0000000,0x00000000c0675298,0x00000000c4300000)
 Metaspace       used 27405K, committed 27904K, reserved 1114112K
  class space    used 2643K, committed 2880K, reserved 1048576K
}
Event: 8.678 GC heap before
{Heap before GC invocations=8 (full 1):
 PSYoungGen      total 26112K, used 25771K [0x00000000eab00000, 0x00000000ec780000, 0x0000000100000000)
  eden space 24576K, 100% used [0x00000000eab00000,0x00000000ec300000,0x00000000ec300000)
  from space 1536K, 77% used [0x00000000ec600000,0x00000000ec72aee0,0x00000000ec780000)
  to   space 1536K, 0% used [0x00000000ec480000,0x00000000ec480000,0x00000000ec600000)
 ParOldGen       total 68608K, used 6612K [0x00000000c0000000, 0x00000000c4300000, 0x00000000eab00000)
  object space 68608K, 9% used [0x00000000c0000000,0x00000000c0675298,0x00000000c4300000)
 Metaspace       used 31998K, committed 32704K, reserved 1114112K
  class space    used 3159K, committed 3456K, reserved 1048576K
}
Event: 8.682 GC heap after
{Heap after GC invocations=8 (full 1):
 PSYoungGen      total 25600K, used 1511K [0x00000000eab00000, 0x00000000eca80000, 0x0000000100000000)
  eden space 24064K, 0% used [0x00000000eab00000,0x00000000eab00000,0x00000000ec280000)
  from space 1536K, 98% used [0x00000000ec480000,0x00000000ec5f9f60,0x00000000ec600000)
  to   space 4096K, 0% used [0x00000000ec680000,0x00000000ec680000,0x00000000eca80000)
 ParOldGen       total 68608K, used 8428K [0x00000000c0000000, 0x00000000c4300000, 0x00000000eab00000)
  object space 68608K, 12% used [0x00000000c0000000,0x00000000c083b178,0x00000000c4300000)
 Metaspace       used 31998K, committed 32704K, reserved 1114112K
  class space    used 3159K, committed 3456K, reserved 1048576K
}
Event: 9.361 GC heap before
{Heap before GC invocations=9 (full 1):
 PSYoungGen      total 25600K, used 20808K [0x00000000eab00000, 0x00000000eca80000, 0x0000000100000000)
  eden space 24064K, 80% used [0x00000000eab00000,0x00000000ebdd8270,0x00000000ec280000)
  from space 1536K, 98% used [0x00000000ec480000,0x00000000ec5f9f60,0x00000000ec600000)
  to   space 4096K, 0% used [0x00000000ec680000,0x00000000ec680000,0x00000000eca80000)
 ParOldGen       total 68608K, used 8428K [0x00000000c0000000, 0x00000000c4300000, 0x00000000eab00000)
  object space 68608K, 12% used [0x00000000c0000000,0x00000000c083b178,0x00000000c4300000)
 Metaspace       used 35200K, committed 35840K, reserved 1114112K
  class space    used 3567K, committed 3840K, reserved 1048576K
}
Event: 9.364 GC heap after
{Heap after GC invocations=9 (full 1):
 PSYoungGen      total 27136K, used 2943K [0x00000000eab00000, 0x00000000ec980000, 0x0000000100000000)
  eden space 24064K, 0% used [0x00000000eab00000,0x00000000eab00000,0x00000000ec280000)
  from space 3072K, 95% used [0x00000000ec680000,0x00000000ec95fde0,0x00000000ec980000)
  to   space 3072K, 0% used [0x00000000ec380000,0x00000000ec380000,0x00000000ec680000)
 ParOldGen       total 68608K, used 8436K [0x00000000c0000000, 0x00000000c4300000, 0x00000000eab00000)
  object space 68608K, 12% used [0x00000000c0000000,0x00000000c083d178,0x00000000c4300000)
 Metaspace       used 35200K, committed 35840K, reserved 1114112K
  class space    used 3567K, committed 3840K, reserved 1048576K
}
Event: 9.364 GC heap before
{Heap before GC invocations=10 (full 2):
 PSYoungGen      total 27136K, used 2943K [0x00000000eab00000, 0x00000000ec980000, 0x0000000100000000)
  eden space 24064K, 0% used [0x00000000eab00000,0x00000000eab00000,0x00000000ec280000)
  from space 3072K, 95% used [0x00000000ec680000,0x00000000ec95fde0,0x00000000ec980000)
  to   space 3072K, 0% used [0x00000000ec380000,0x00000000ec380000,0x00000000ec680000)
 ParOldGen       total 68608K, used 8436K [0x00000000c0000000, 0x00000000c4300000, 0x00000000eab00000)
  object space 68608K, 12% used [0x00000000c0000000,0x00000000c083d178,0x00000000c4300000)
 Metaspace       used 35200K, committed 35840K, reserved 1114112K
  class space    used 3567K, committed 3840K, reserved 1048576K
}
Event: 9.401 GC heap after
{Heap after GC invocations=10 (full 2):
 PSYoungGen      total 27136K, used 0K [0x00000000eab00000, 0x00000000ec980000, 0x0000000100000000)
  eden space 24064K, 0% used [0x00000000eab00000,0x00000000eab00000,0x00000000ec280000)
  from space 3072K, 0% used [0x00000000ec680000,0x00000000ec680000,0x00000000ec980000)
  to   space 3072K, 0% used [0x00000000ec380000,0x00000000ec380000,0x00000000ec680000)
 ParOldGen       total 68608K, used 11061K [0x00000000c0000000, 0x00000000c4300000, 0x00000000eab00000)
  object space 68608K, 16% used [0x00000000c0000000,0x00000000c0acd6e8,0x00000000c4300000)
 Metaspace       used 35200K, committed 35840K, reserved 1114112K
  class space    used 3567K, committed 3840K, reserved 1048576K
}
Event: 10.021 GC heap before
{Heap before GC invocations=11 (full 2):
 PSYoungGen      total 27136K, used 24064K [0x00000000eab00000, 0x00000000ec980000, 0x0000000100000000)
  eden space 24064K, 100% used [0x00000000eab00000,0x00000000ec280000,0x00000000ec280000)
  from space 3072K, 0% used [0x00000000ec680000,0x00000000ec680000,0x00000000ec980000)
  to   space 3072K, 0% used [0x00000000ec380000,0x00000000ec380000,0x00000000ec680000)
 ParOldGen       total 68608K, used 11061K [0x00000000c0000000, 0x00000000c4300000, 0x00000000eab00000)
  object space 68608K, 16% used [0x00000000c0000000,0x00000000c0acd6e8,0x00000000c4300000)
 Metaspace       used 36454K, committed 37120K, reserved 1114112K
  class space    used 3708K, committed 3968K, reserved 1048576K
}
Event: 10.023 GC heap after
{Heap after GC invocations=11 (full 2):
 PSYoungGen      total 26112K, used 2368K [0x00000000eab00000, 0x00000000ec800000, 0x0000000100000000)
  eden space 23552K, 0% used [0x00000000eab00000,0x00000000eab00000,0x00000000ec200000)
  from space 2560K, 92% used [0x00000000ec380000,0x00000000ec5d0020,0x00000000ec600000)
  to   space 2048K, 0% used [0x00000000ec600000,0x00000000ec600000,0x00000000ec800000)
 ParOldGen       total 68608K, used 11069K [0x00000000c0000000, 0x00000000c4300000, 0x00000000eab00000)
  object space 68608K, 16% used [0x00000000c0000000,0x00000000c0acf6e8,0x00000000c4300000)
 Metaspace       used 36454K, committed 37120K, reserved 1114112K
  class space    used 3708K, committed 3968K, reserved 1048576K
}
Event: 10.287 GC heap before
{Heap before GC invocations=12 (full 2):
 PSYoungGen      total 26112K, used 25920K [0x00000000eab00000, 0x00000000ec800000, 0x0000000100000000)
  eden space 23552K, 100% used [0x00000000eab00000,0x00000000ec200000,0x00000000ec200000)
  from space 2560K, 92% used [0x00000000ec380000,0x00000000ec5d0020,0x00000000ec600000)
  to   space 2048K, 0% used [0x00000000ec600000,0x00000000ec600000,0x00000000ec800000)
 ParOldGen       total 68608K, used 11069K [0x00000000c0000000, 0x00000000c4300000, 0x00000000eab00000)
  object space 68608K, 16% used [0x00000000c0000000,0x00000000c0acf6e8,0x00000000c4300000)
 Metaspace       used 36663K, committed 37376K, reserved 1114112K
  class space    used 3727K, committed 4032K, reserved 1048576K
}
Event: 10.292 GC heap after
{Heap after GC invocations=12 (full 2):
 PSYoungGen      total 24576K, used 2016K [0x00000000eab00000, 0x00000000ecb80000, 0x0000000100000000)
  eden space 22528K, 0% used [0x00000000eab00000,0x00000000eab00000,0x00000000ec100000)
  from space 2048K, 98% used [0x00000000ec600000,0x00000000ec7f8020,0x00000000ec800000)
  to   space 5120K, 0% used [0x00000000ec100000,0x00000000ec100000,0x00000000ec600000)
 ParOldGen       total 68608K, used 13461K [0x00000000c0000000, 0x00000000c4300000, 0x00000000eab00000)
  object space 68608K, 19% used [0x00000000c0000000,0x00000000c0d256e8,0x00000000c4300000)
 Metaspace       used 36663K, committed 37376K, reserved 1114112K
  class space    used 3727K, committed 4032K, reserved 1048576K
}
Event: 10.450 GC heap before
{Heap before GC invocations=13 (full 2):
 PSYoungGen      total 24576K, used 24544K [0x00000000eab00000, 0x00000000ecb80000, 0x0000000100000000)
  eden space 22528K, 100% used [0x00000000eab00000,0x00000000ec100000,0x00000000ec100000)
  from space 2048K, 98% used [0x00000000ec600000,0x00000000ec7f8020,0x00000000ec800000)
  to   space 5120K, 0% used [0x00000000ec100000,0x00000000ec100000,0x00000000ec600000)
 ParOldGen       total 68608K, used 13461K [0x00000000c0000000, 0x00000000c4300000, 0x00000000eab00000)
  object space 68608K, 19% used [0x00000000c0000000,0x00000000c0d256e8,0x00000000c4300000)
 Metaspace       used 36726K, committed 37376K, reserved 1114112K
  class space    used 3739K, committed 4032K, reserved 1048576K
}
Event: 10.455 GC heap after
{Heap after GC invocations=13 (full 2):
 PSYoungGen      total 25088K, used 2880K [0x00000000eab00000, 0x00000000ec780000, 0x0000000100000000)
  eden space 22016K, 0% used [0x00000000eab00000,0x00000000eab00000,0x00000000ec080000)
  from space 3072K, 93% used [0x00000000ec100000,0x00000000ec3d0020,0x00000000ec400000)
  to   space 3584K, 0% used [0x00000000ec400000,0x00000000ec400000,0x00000000ec780000)
 ParOldGen       total 68608K, used 15437K [0x00000000c0000000, 0x00000000c4300000, 0x00000000eab00000)
  object space 68608K, 22% used [0x00000000c0000000,0x00000000c0f13708,0x00000000c4300000)
 Metaspace       used 36726K, committed 37376K, reserved 1114112K
  class space    used 3739K, committed 4032K, reserved 1048576K
}
Event: 10.578 GC heap before
{Heap before GC invocations=14 (full 2):
 PSYoungGen      total 25088K, used 24896K [0x00000000eab00000, 0x00000000ec780000, 0x0000000100000000)
  eden space 22016K, 100% used [0x00000000eab00000,0x00000000ec080000,0x00000000ec080000)
  from space 3072K, 93% used [0x00000000ec100000,0x00000000ec3d0020,0x00000000ec400000)
  to   space 3584K, 0% used [0x00000000ec400000,0x00000000ec400000,0x00000000ec780000)
 ParOldGen       total 68608K, used 15437K [0x00000000c0000000, 0x00000000c4300000, 0x00000000eab00000)
  object space 68608K, 22% used [0x00000000c0000000,0x00000000c0f13708,0x00000000c4300000)
 Metaspace       used 36726K, committed 37376K, reserved 1114112K
  class space    used 3739K, committed 4032K, reserved 1048576K
}
Event: 10.583 GC heap after
{Heap after GC invocations=14 (full 2):
 PSYoungGen      total 24576K, used 2464K [0x00000000eab00000, 0x00000000ec680000, 0x0000000100000000)
  eden space 22016K, 0% used [0x00000000eab00000,0x00000000eab00000,0x00000000ec080000)
  from space 2560K, 96% used [0x00000000ec400000,0x00000000ec668000,0x00000000ec680000)
  to   space 3072K, 0% used [0x00000000ec080000,0x00000000ec080000,0x00000000ec380000)
 ParOldGen       total 68608K, used 18255K [0x00000000c0000000, 0x00000000c4300000, 0x00000000eab00000)
  object space 68608K, 26% used [0x00000000c0000000,0x00000000c11d3db8,0x00000000c4300000)
 Metaspace       used 36726K, committed 37376K, reserved 1114112K
  class space    used 3739K, committed 4032K, reserved 1048576K
}
Event: 10.693 GC heap before
{Heap before GC invocations=15 (full 2):
 PSYoungGen      total 24576K, used 24480K [0x00000000eab00000, 0x00000000ec680000, 0x0000000100000000)
  eden space 22016K, 100% used [0x00000000eab00000,0x00000000ec080000,0x00000000ec080000)
  from space 2560K, 96% used [0x00000000ec400000,0x00000000ec668000,0x00000000ec680000)
  to   space 3072K, 0% used [0x00000000ec080000,0x00000000ec080000,0x00000000ec380000)
 ParOldGen       total 68608K, used 18255K [0x00000000c0000000, 0x00000000c4300000, 0x00000000eab00000)
  object space 68608K, 26% used [0x00000000c0000000,0x00000000c11d3db8,0x00000000c4300000)
 Metaspace       used 36726K, committed 37376K, reserved 1114112K
  class space    used 3739K, committed 4032K, reserved 1048576K
}
Event: 10.698 GC heap after
{Heap after GC invocations=15 (full 2):
 PSYoungGen      total 24576K, used 2432K [0x00000000eab00000, 0x00000000ec580000, 0x0000000100000000)
  eden space 22016K, 0% used [0x00000000eab00000,0x00000000eab00000,0x00000000ec080000)
  from space 2560K, 95% used [0x00000000ec080000,0x00000000ec2e0010,0x00000000ec300000)
  to   space 2560K, 0% used [0x00000000ec300000,0x00000000ec300000,0x00000000ec580000)
 ParOldGen       total 68608K, used 20655K [0x00000000c0000000, 0x00000000c4300000, 0x00000000eab00000)
  object space 68608K, 30% used [0x00000000c0000000,0x00000000c142bdb8,0x00000000c4300000)
 Metaspace       used 36726K, committed 37376K, reserved 1114112K
  class space    used 3739K, committed 4032K, reserved 1048576K
}

Dll operation events (10 events):
Event: 0.018 Loaded shared library c:\Users\User Dell 151120\.vscode\extensions\redhat.java-1.25.1-win32-x64\jre\17.0.9-win32-x86_64\bin\java.dll
Event: 0.392 Loaded shared library c:\Users\User Dell 151120\.vscode\extensions\redhat.java-1.25.1-win32-x64\jre\17.0.9-win32-x86_64\bin\zip.dll
Event: 0.397 Loaded shared library C:\Users\User Dell 151120\.vscode\extensions\redhat.java-1.25.1-win32-x64\jre\17.0.9-win32-x86_64\bin\instrument.dll
Event: 0.426 Loaded shared library C:\Users\User Dell 151120\.vscode\extensions\redhat.java-1.25.1-win32-x64\jre\17.0.9-win32-x86_64\bin\net.dll
Event: 0.430 Loaded shared library C:\Users\User Dell 151120\.vscode\extensions\redhat.java-1.25.1-win32-x64\jre\17.0.9-win32-x86_64\bin\nio.dll
Event: 0.445 Loaded shared library C:\Users\User Dell 151120\.vscode\extensions\redhat.java-1.25.1-win32-x64\jre\17.0.9-win32-x86_64\bin\zip.dll
Event: 0.489 Loaded shared library C:\Users\User Dell 151120\.vscode\extensions\redhat.java-1.25.1-win32-x64\jre\17.0.9-win32-x86_64\bin\jimage.dll
Event: 0.688 Loaded shared library c:\Users\User Dell 151120\.vscode\extensions\redhat.java-1.25.1-win32-x64\jre\17.0.9-win32-x86_64\bin\verify.dll
Event: 3.939 Loaded shared library C:\Users\User Dell 151120\AppData\Roaming\Code\User\globalStorage\redhat.java\1.25.1\config_ss_win\org.eclipse.equinox.launcher\org.eclipse.equinox.launcher.win32.win32.x86_64_1.2.800.v20231003-1442\eclipse_11802.dll
Event: 8.463 Loaded shared library C:\Users\User Dell 151120\AppData\Local\Temp\jna--854908180\jna16190671262359566962.dll

Deoptimization events (20 events):
Event: 10.372 Thread 0x00000206eb306080 Uncommon trap: trap_request=0xffffff45 fr.pc=0x00000206daed502c relative=0x000000000000028c
Event: 10.372 Thread 0x00000206eb306080 Uncommon trap: reason=unstable_if action=reinterpret pc=0x00000206daed502c method=java.util.HashMap$HashIterator.<init>(Ljava/util/HashMap;)V @ 45 c2
Event: 10.372 Thread 0x00000206eb306080 DEOPT PACKING pc=0x00000206daed502c sp=0x00000030d9dfef80
Event: 10.372 Thread 0x00000206eb306080 DEOPT UNPACKING pc=0x00000206da969ea3 sp=0x00000030d9dfef18 mode 2
Event: 10.660 Thread 0x00000206eb306080 Uncommon trap: trap_request=0xffffffbe fr.pc=0x00000206db02ebd4 relative=0x0000000000000594
Event: 10.661 Thread 0x00000206eb306080 Uncommon trap: reason=profile_predicate action=maybe_recompile pc=0x00000206db02ebd4 method=org.eclipse.jdt.internal.core.util.HashtableOfArrayToObject.getKey([Ljava/lang/Object;I)[Ljava/lang/Object; @ 61 c2
Event: 10.661 Thread 0x00000206eb306080 DEOPT PACKING pc=0x00000206db02ebd4 sp=0x00000030d9dfe9e0
Event: 10.661 Thread 0x00000206eb306080 DEOPT UNPACKING pc=0x00000206da969ea3 sp=0x00000030d9dfe990 mode 2
Event: 10.663 Thread 0x00000206eb306080 Uncommon trap: trap_request=0xffffffbe fr.pc=0x00000206db02ebd4 relative=0x0000000000000594
Event: 10.663 Thread 0x00000206eb306080 Uncommon trap: reason=profile_predicate action=maybe_recompile pc=0x00000206db02ebd4 method=org.eclipse.jdt.internal.core.util.HashtableOfArrayToObject.getKey([Ljava/lang/Object;I)[Ljava/lang/Object; @ 61 c2
Event: 10.663 Thread 0x00000206eb306080 DEOPT PACKING pc=0x00000206db02ebd4 sp=0x00000030d9dfe9e0
Event: 10.663 Thread 0x00000206eb306080 DEOPT UNPACKING pc=0x00000206da969ea3 sp=0x00000030d9dfe990 mode 2
Event: 10.663 Thread 0x00000206eb306080 Uncommon trap: trap_request=0xffffffbe fr.pc=0x00000206db02ebd4 relative=0x0000000000000594
Event: 10.663 Thread 0x00000206eb306080 Uncommon trap: reason=profile_predicate action=maybe_recompile pc=0x00000206db02ebd4 method=org.eclipse.jdt.internal.core.util.HashtableOfArrayToObject.getKey([Ljava/lang/Object;I)[Ljava/lang/Object; @ 61 c2
Event: 10.663 Thread 0x00000206eb306080 DEOPT PACKING pc=0x00000206db02ebd4 sp=0x00000030d9dfea10
Event: 10.663 Thread 0x00000206eb306080 DEOPT UNPACKING pc=0x00000206da969ea3 sp=0x00000030d9dfe9c0 mode 2
Event: 10.663 Thread 0x00000206eb306080 Uncommon trap: trap_request=0xffffffbe fr.pc=0x00000206db02ebd4 relative=0x0000000000000594
Event: 10.663 Thread 0x00000206eb306080 Uncommon trap: reason=profile_predicate action=maybe_recompile pc=0x00000206db02ebd4 method=org.eclipse.jdt.internal.core.util.HashtableOfArrayToObject.getKey([Ljava/lang/Object;I)[Ljava/lang/Object; @ 61 c2
Event: 10.663 Thread 0x00000206eb306080 DEOPT PACKING pc=0x00000206db02ebd4 sp=0x00000030d9dfe9e0
Event: 10.663 Thread 0x00000206eb306080 DEOPT UNPACKING pc=0x00000206da969ea3 sp=0x00000030d9dfe990 mode 2

Classes unloaded (7 events):
Event: 6.245 Thread 0x00000206d07fece0 Unloading class 0x000000010021e000 'java/lang/invoke/LambdaForm$MH+0x000000010021e000'
Event: 6.245 Thread 0x00000206d07fece0 Unloading class 0x000000010021dc00 'java/lang/invoke/LambdaForm$MH+0x000000010021dc00'
Event: 6.245 Thread 0x00000206d07fece0 Unloading class 0x000000010021d800 'java/lang/invoke/LambdaForm$MH+0x000000010021d800'
Event: 6.245 Thread 0x00000206d07fece0 Unloading class 0x000000010021d400 'java/lang/invoke/LambdaForm$MH+0x000000010021d400'
Event: 6.245 Thread 0x00000206d07fece0 Unloading class 0x000000010021d000 'java/lang/invoke/LambdaForm$BMH+0x000000010021d000'
Event: 6.245 Thread 0x00000206d07fece0 Unloading class 0x000000010021cc00 'java/lang/invoke/LambdaForm$DMH+0x000000010021cc00'
Event: 6.245 Thread 0x00000206d07fece0 Unloading class 0x000000010021a000 'java/lang/invoke/LambdaForm$DMH+0x000000010021a000'

Classes redefined (0 events):
No events

Internal exceptions (20 events):
Event: 8.156 Thread 0x00000206eae17250 Exception <a 'java/io/FileNotFoundException'{0x00000000ebc1bda0}> (0x00000000ebc1bda0) 
thrown [s\src\hotspot\share\prims\jni.cpp, line 516]
Event: 8.537 Thread 0x00000206eae17250 Exception <a 'java/lang/UnsatisfiedLinkError'{0x00000000ebf88bf0}: The specified procedure could not be found.
> (0x00000000ebf88bf0) 
thrown [s\src\hotspot\share\prims\jni.cpp, line 535]
Event: 8.547 Thread 0x00000206eae17250 Exception <a 'java/io/FileNotFoundException'{0x00000000ebfabbf0}> (0x00000000ebfabbf0) 
thrown [s\src\hotspot\share\prims\jni.cpp, line 516]
Event: 8.566 Thread 0x00000206eae17250 Exception <a 'java/io/FileNotFoundException'{0x00000000ec01fbb8}> (0x00000000ec01fbb8) 
thrown [s\src\hotspot\share\prims\jni.cpp, line 516]
Event: 8.586 Thread 0x00000206eae17250 Exception <a 'java/lang/UnsatisfiedLinkError'{0x00000000ec0ac070}: The specified procedure could not be found.
> (0x00000000ec0ac070) 
thrown [s\src\hotspot\share\prims\jni.cpp, line 535]
Event: 8.636 Thread 0x00000206d0749ad0 Exception <a 'java/lang/NoSuchMethodError'{0x00000000ec2649a0}: 'java.lang.Object java.lang.invoke.DirectMethodHandle$Holder.invokeStatic(java.lang.Object, java.lang.Object, long, java.lang.Object)'> (0x00000000ec2649a0) 
thrown [s\src\hotspot\share\interpreter\linkResolver.cpp, line 759]
Event: 8.636 Thread 0x00000206d0749ad0 Exception <a 'java/lang/NoSuchMethodError'{0x00000000ec268438}: 'java.lang.Object java.lang.invoke.DirectMethodHandle$Holder.invokeStaticInit(java.lang.Object, java.lang.Object, long, java.lang.Object)'> (0x00000000ec268438) 
thrown [s\src\hotspot\share\interpreter\linkResolver.cpp, line 759]
Event: 8.638 Thread 0x00000206d0749ad0 Exception <a 'java/lang/NoSuchMethodError'{0x00000000ec26ea48}: 'java.lang.Object java.lang.invoke.DirectMethodHandle$Holder.newInvokeSpecial(java.lang.Object, java.lang.Object, long)'> (0x00000000ec26ea48) 
thrown [s\src\hotspot\share\interpreter\linkResolver.cpp, line 759]
Event: 8.717 Thread 0x00000206d0749ad0 Exception <a 'java/lang/NoSuchMethodError'{0x00000000eac2b5f8}: 'void java.lang.invoke.DirectMethodHandle$Holder.invokeStatic(java.lang.Object, java.lang.Object, java.lang.Object, java.lang.Object)'> (0x00000000eac2b5f8) 
thrown [s\src\hotspot\share\interpreter\linkResolver.cpp, line 759]
Event: 8.971 Thread 0x00000206d0749ad0 Exception <a 'java/lang/NoSuchMethodError'{0x00000000eb43aff0}: 'void java.lang.invoke.DirectMethodHandle$Holder.invokeSpecial(java.lang.Object, java.lang.Object, java.lang.Object, java.lang.Object, java.lang.Object, java.lang.Object)'> (0x00000000eb43aff0) 
thrown [s\src\hotspot\share\interpreter\linkResolver.cpp, line 759]
Event: 8.973 Thread 0x00000206d0749ad0 Exception <a 'java/lang/IncompatibleClassChangeError'{0x00000000eb444798}: Found class java.lang.Object, but interface was expected> (0x00000000eb444798) 
thrown [s\src\hotspot\share\interpreter\linkResolver.cpp, line 826]
Event: 9.142 Thread 0x00000206eb308e10 Exception <a 'java/io/FileNotFoundException'{0x00000000eba1e080}> (0x00000000eba1e080) 
thrown [s\src\hotspot\share\prims\jni.cpp, line 516]
Event: 9.252 Thread 0x00000206eb308e10 Exception <a 'sun/nio/fs/WindowsException'{0x00000000ebbcc6d8}> (0x00000000ebbcc6d8) 
thrown [s\src\hotspot\share\prims\jni.cpp, line 516]
Event: 9.265 Thread 0x00000206eb3074c0 Exception <a 'java/io/FileNotFoundException'{0x00000000ebbe5c50}> (0x00000000ebbe5c50) 
thrown [s\src\hotspot\share\prims\jni.cpp, line 516]
Event: 9.265 Thread 0x00000206eb3074c0 Exception <a 'java/io/FileNotFoundException'{0x00000000ebbe6cb0}> (0x00000000ebbe6cb0) 
thrown [s\src\hotspot\share\prims\jni.cpp, line 516]
Event: 9.468 Thread 0x00000206eb308e10 Exception <a 'java/lang/NoSuchMethodError'{0x00000000ead88418}: 'int java.lang.invoke.DirectMethodHandle$Holder.invokeVirtual(java.lang.Object, java.lang.Object)'> (0x00000000ead88418) 
thrown [s\src\hotspot\share\interpreter\linkResolver.cpp, line 759]
Event: 9.471 Thread 0x00000206eb306080 Exception <a 'java/lang/NoSuchMethodError'{0x00000000eadab050}: 'java.lang.Object java.lang.invoke.Invokers$Holder.invoke_MT(java.lang.Object, java.lang.Object, java.lang.Object)'> (0x00000000eadab050) 
thrown [s\src\hotspot\share\interpreter\linkResolver.cpp, line 759]
Event: 10.052 Thread 0x00000206eb306080 Exception <a 'java/io/FileNotFoundException'{0x00000000eac352e8}> (0x00000000eac352e8) 
thrown [s\src\hotspot\share\prims\jni.cpp, line 516]
Event: 10.052 Thread 0x00000206eb306080 Exception <a 'java/io/FileNotFoundException'{0x00000000eac36870}> (0x00000000eac36870) 
thrown [s\src\hotspot\share\prims\jni.cpp, line 516]
Event: 10.054 Thread 0x00000206eb306080 Exception <a 'java/lang/NoSuchMethodError'{0x00000000eac42a58}: 'void java.lang.invoke.DirectMethodHandle$Holder.invokeStaticInit(java.lang.Object, java.lang.Object, java.lang.Object)'> (0x00000000eac42a58) 
thrown [s\src\hotspot\share\interpreter\linkResolver.cpp, line 759]

VM Operations (20 events):
Event: 9.360 Executing VM operation: CollectForMetadataAllocation
Event: 9.401 Executing VM operation: CollectForMetadataAllocation done
Event: 9.417 Executing VM operation: HandshakeAllThreads
Event: 9.417 Executing VM operation: HandshakeAllThreads done
Event: 9.493 Executing VM operation: HandshakeAllThreads
Event: 9.493 Executing VM operation: HandshakeAllThreads done
Event: 9.494 Executing VM operation: HandshakeAllThreads
Event: 9.494 Executing VM operation: HandshakeAllThreads done
Event: 10.020 Executing VM operation: ParallelGCFailedAllocation
Event: 10.023 Executing VM operation: ParallelGCFailedAllocation done
Event: 10.287 Executing VM operation: ParallelGCFailedAllocation
Event: 10.292 Executing VM operation: ParallelGCFailedAllocation done
Event: 10.450 Executing VM operation: ParallelGCFailedAllocation
Event: 10.455 Executing VM operation: ParallelGCFailedAllocation done
Event: 10.578 Executing VM operation: ParallelGCFailedAllocation
Event: 10.583 Executing VM operation: ParallelGCFailedAllocation done
Event: 10.693 Executing VM operation: ParallelGCFailedAllocation
Event: 10.701 Executing VM operation: ParallelGCFailedAllocation done
Event: 11.590 Executing VM operation: HandshakeAllThreads
Event: 11.590 Executing VM operation: HandshakeAllThreads done

Events (20 events):
Event: 9.596 loading class java/nio/file/FileTreeWalker$DirectoryNode done
Event: 9.596 loading class java/nio/file/FileTreeWalker$Event
Event: 9.596 loading class java/nio/file/FileTreeWalker$Event done
Event: 9.596 loading class java/nio/file/FileTreeWalker$EventType
Event: 9.596 loading class java/nio/file/FileTreeWalker$EventType done
Event: 9.597 loading class java/nio/file/Files$3
Event: 9.597 loading class java/nio/file/Files$3 done
Event: 9.597 loading class java/nio/file/FileVisitResult
Event: 9.597 loading class java/nio/file/FileVisitResult done
Event: 9.750 loading class java/util/regex/Pattern$BackRef
Event: 9.750 loading class java/util/regex/Pattern$BackRef done
Event: 9.764 loading class java/lang/ThreadLocal$SuppliedThreadLocal
Event: 9.764 loading class java/lang/ThreadLocal$SuppliedThreadLocal done
Event: 9.824 loading class java/nio/channels/Channels$ReadableByteChannelImpl
Event: 9.824 loading class java/nio/channels/Channels$ReadableByteChannelImpl done
Event: 9.837 loading class java/nio/channels/NonWritableChannelException
Event: 9.837 loading class java/nio/channels/NonWritableChannelException done
Event: 9.845 loading class sun/nio/ch/ChannelInputStream
Event: 9.851 loading class sun/nio/ch/ChannelInputStream done
Event: 11.300 Thread 0x00000206eaed1240 Thread exited: 0x00000206eaed1240


Dynamic libraries:
0x00007ff7e4770000 - 0x00007ff7e477e000 	c:\Users\User Dell 151120\.vscode\extensions\redhat.java-1.25.1-win32-x64\jre\17.0.9-win32-x86_64\bin\java.exe
0x00007fff05e50000 - 0x00007fff06067000 	C:\WINDOWS\SYSTEM32\ntdll.dll
0x00007fff053f0000 - 0x00007fff054b4000 	C:\WINDOWS\System32\KERNEL32.DLL
0x00007fff034f0000 - 0x00007fff03897000 	C:\WINDOWS\System32\KERNELBASE.dll
0x00007fff03a60000 - 0x00007fff03b71000 	C:\WINDOWS\System32\ucrtbase.dll
0x00007ffef8380000 - 0x00007ffef839b000 	c:\Users\User Dell 151120\.vscode\extensions\redhat.java-1.25.1-win32-x64\jre\17.0.9-win32-x86_64\bin\VCRUNTIME140.dll
0x00007ffee8150000 - 0x00007ffee8167000 	c:\Users\User Dell 151120\.vscode\extensions\redhat.java-1.25.1-win32-x64\jre\17.0.9-win32-x86_64\bin\jli.dll
0x00007fff03b80000 - 0x00007fff03d2e000 	C:\WINDOWS\System32\USER32.dll
0x00007ffee1e90000 - 0x00007ffee2123000 	C:\WINDOWS\WinSxS\amd64_microsoft.windows.common-controls_6595b64144ccf1df_6.0.22621.2506_none_270c5ae97388e100\COMCTL32.dll
0x00007fff038a0000 - 0x00007fff038c6000 	C:\WINDOWS\System32\win32u.dll
0x00007fff05730000 - 0x00007fff057d7000 	C:\WINDOWS\System32\msvcrt.dll
0x00007fff04470000 - 0x00007fff04499000 	C:\WINDOWS\System32\GDI32.dll
0x00007fff03940000 - 0x00007fff03a59000 	C:\WINDOWS\System32\gdi32full.dll
0x00007fff03450000 - 0x00007fff034ea000 	C:\WINDOWS\System32\msvcp_win.dll
0x00007fff05d90000 - 0x00007fff05dc1000 	C:\WINDOWS\System32\IMM32.DLL
0x00007ffeef700000 - 0x00007ffeef70c000 	c:\Users\User Dell 151120\.vscode\extensions\redhat.java-1.25.1-win32-x64\jre\17.0.9-win32-x86_64\bin\vcruntime140_1.dll
0x00007ffebf0d0000 - 0x00007ffebf15d000 	c:\Users\User Dell 151120\.vscode\extensions\redhat.java-1.25.1-win32-x64\jre\17.0.9-win32-x86_64\bin\msvcp140.dll
0x00007ffe8cc70000 - 0x00007ffe8d8d1000 	c:\Users\User Dell 151120\.vscode\extensions\redhat.java-1.25.1-win32-x64\jre\17.0.9-win32-x86_64\bin\server\jvm.dll
0x00007fff044b0000 - 0x00007fff04560000 	C:\WINDOWS\System32\ADVAPI32.dll
0x00007fff05860000 - 0x00007fff05906000 	C:\WINDOWS\System32\sechost.dll
0x00007fff03df0000 - 0x00007fff03f07000 	C:\WINDOWS\System32\RPCRT4.dll
0x00007fff03070000 - 0x00007fff030bd000 	C:\WINDOWS\SYSTEM32\POWRPROF.dll
0x00007ffed6010000 - 0x00007ffed6019000 	C:\WINDOWS\SYSTEM32\WSOCK32.dll
0x00007fff051b0000 - 0x00007fff05221000 	C:\WINDOWS\System32\WS2_32.dll
0x00007ffef1140000 - 0x00007ffef1174000 	C:\WINDOWS\SYSTEM32\WINMM.dll
0x00007ffefc5a0000 - 0x00007ffefc5aa000 	C:\WINDOWS\SYSTEM32\VERSION.dll
0x00007fff03050000 - 0x00007fff03063000 	C:\WINDOWS\SYSTEM32\UMPDC.dll
0x00007fff02140000 - 0x00007fff02158000 	C:\WINDOWS\SYSTEM32\kernel.appcore.dll
0x00007ffeec350000 - 0x00007ffeec35a000 	c:\Users\User Dell 151120\.vscode\extensions\redhat.java-1.25.1-win32-x64\jre\17.0.9-win32-x86_64\bin\jimage.dll
0x00007fff00b60000 - 0x00007fff00d93000 	C:\WINDOWS\SYSTEM32\DBGHELP.DLL
0x00007fff04560000 - 0x00007fff048e9000 	C:\WINDOWS\System32\combase.dll
0x00007fff04300000 - 0x00007fff043d7000 	C:\WINDOWS\System32\OLEAUT32.dll
0x00007ffee2190000 - 0x00007ffee21c2000 	C:\WINDOWS\SYSTEM32\dbgcore.DLL
0x00007fff033d0000 - 0x00007fff0344a000 	C:\WINDOWS\System32\bcryptPrimitives.dll
0x00007ffeeb6b0000 - 0x00007ffeeb6be000 	c:\Users\User Dell 151120\.vscode\extensions\redhat.java-1.25.1-win32-x64\jre\17.0.9-win32-x86_64\bin\instrument.dll
0x00007ffec94e0000 - 0x00007ffec9505000 	c:\Users\User Dell 151120\.vscode\extensions\redhat.java-1.25.1-win32-x64\jre\17.0.9-win32-x86_64\bin\java.dll
0x00007ffed0c80000 - 0x00007ffed0c98000 	c:\Users\User Dell 151120\.vscode\extensions\redhat.java-1.25.1-win32-x64\jre\17.0.9-win32-x86_64\bin\zip.dll
0x00007fff04950000 - 0x00007fff051a9000 	C:\WINDOWS\System32\SHELL32.dll
0x00007fff010c0000 - 0x00007fff019b4000 	C:\WINDOWS\SYSTEM32\windows.storage.dll
0x00007fff00f80000 - 0x00007fff010be000 	C:\WINDOWS\SYSTEM32\wintypes.dll
0x00007fff05630000 - 0x00007fff05723000 	C:\WINDOWS\System32\SHCORE.dll
0x00007fff055d0000 - 0x00007fff0562e000 	C:\WINDOWS\System32\shlwapi.dll
0x00007fff030d0000 - 0x00007fff030f6000 	C:\WINDOWS\SYSTEM32\profapi.dll
0x00007ffed0bf0000 - 0x00007ffed0c09000 	C:\Users\User Dell 151120\.vscode\extensions\redhat.java-1.25.1-win32-x64\jre\17.0.9-win32-x86_64\bin\net.dll
0x00007ffefbc30000 - 0x00007ffefbd67000 	C:\WINDOWS\SYSTEM32\WINHTTP.dll
0x00007fff02620000 - 0x00007fff02689000 	C:\WINDOWS\system32\mswsock.dll
0x00007ffece8c0000 - 0x00007ffece8d6000 	C:\Users\User Dell 151120\.vscode\extensions\redhat.java-1.25.1-win32-x64\jre\17.0.9-win32-x86_64\bin\nio.dll
0x00007ffee9ae0000 - 0x00007ffee9af0000 	c:\Users\User Dell 151120\.vscode\extensions\redhat.java-1.25.1-win32-x64\jre\17.0.9-win32-x86_64\bin\verify.dll
0x00007ffec0a70000 - 0x00007ffec0aae000 	C:\Users\User Dell 151120\AppData\Roaming\Code\User\globalStorage\redhat.java\1.25.1\config_ss_win\org.eclipse.equinox.launcher\org.eclipse.equinox.launcher.win32.win32.x86_64_1.2.800.v20231003-1442\eclipse_11802.dll
0x00007fff03f10000 - 0x00007fff040b0000 	C:\WINDOWS\System32\ole32.dll
0x00007fff02870000 - 0x00007fff0288b000 	C:\WINDOWS\SYSTEM32\CRYPTSP.dll
0x00007fff02100000 - 0x00007fff02135000 	C:\WINDOWS\system32\rsaenh.dll
0x00007fff02710000 - 0x00007fff0273c000 	C:\WINDOWS\SYSTEM32\USERENV.dll
0x00007fff02a40000 - 0x00007fff02a68000 	C:\WINDOWS\SYSTEM32\bcrypt.dll
0x00007fff02890000 - 0x00007fff0289c000 	C:\WINDOWS\SYSTEM32\CRYPTBASE.dll
0x00007fff01c20000 - 0x00007fff01c4d000 	C:\WINDOWS\SYSTEM32\IPHLPAPI.DLL
0x00007fff044a0000 - 0x00007fff044a9000 	C:\WINDOWS\System32\NSI.dll
0x00007ffefbe40000 - 0x00007ffefbe59000 	C:\WINDOWS\SYSTEM32\dhcpcsvc6.DLL
0x00007ffefba20000 - 0x00007ffefba3f000 	C:\WINDOWS\SYSTEM32\dhcpcsvc.DLL
0x00007fff01c90000 - 0x00007fff01d89000 	C:\WINDOWS\SYSTEM32\DNSAPI.dll
0x00007ffebe730000 - 0x00007ffebe775000 	C:\Users\User Dell 151120\AppData\Local\Temp\jna--854908180\jna16190671262359566962.dll
0x00007fff048f0000 - 0x00007fff048f8000 	C:\WINDOWS\System32\PSAPI.DLL

dbghelp: loaded successfully - version: 4.0.5 - missing functions: none
symbol engine: initialized successfully - sym options: 0x614 - pdb path: .;c:\Users\User Dell 151120\.vscode\extensions\redhat.java-1.25.1-win32-x64\jre\17.0.9-win32-x86_64\bin;C:\WINDOWS\SYSTEM32;C:\WINDOWS\WinSxS\amd64_microsoft.windows.common-controls_6595b64144ccf1df_6.0.22621.2506_none_270c5ae97388e100;c:\Users\User Dell 151120\.vscode\extensions\redhat.java-1.25.1-win32-x64\jre\17.0.9-win32-x86_64\bin\server;C:\Users\User Dell 151120\AppData\Roaming\Code\User\globalStorage\redhat.java\1.25.1\config_ss_win\org.eclipse.equinox.launcher\org.eclipse.equinox.launcher.win32.win32.x86_64_1.2.800.v20231003-1442;C:\Users\User Dell 151120\AppData\Local\Temp\jna--854908180

VM Arguments:
jvm_args: --add-modules=ALL-SYSTEM --add-opens=java.base/java.util=ALL-UNNAMED --add-opens=java.base/java.lang=ALL-UNNAMED --add-opens=java.base/sun.nio.fs=ALL-UNNAMED -Declipse.application=org.eclipse.jdt.ls.core.id1 -Dosgi.bundles.defaultStartLevel=4 -Declipse.product=org.eclipse.jdt.ls.core.product -Djava.import.generatesMetadataFilesAtProjectRoot=false -DDetectVMInstallationsJob.disabled=true -Dfile.encoding=utf8 -XX:+UseParallelGC -XX:GCTimeRatio=4 -XX:AdaptiveSizePolicyWeight=90 -Dsun.zip.disableMemoryMapping=true -Xmx1G -Xms100m -Xlog:disable -javaagent:c:\Users\User Dell 151120\.vscode\extensions\redhat.java-1.25.1-win32-x64\lombok\lombok-1.18.30.jar 
java_command: c:\Users\User Dell 151120\.vscode\extensions\redhat.java-1.25.1-win32-x64\server\plugins\org.eclipse.equinox.launcher_1.6.600.v20231106-1826.jar -configuration c:\Users\User Dell 151120\AppData\Roaming\Code\User\globalStorage\redhat.java\1.25.1\config_ss_win -data c:\Users\User Dell 151120\AppData\Roaming\Code\User\workspaceStorage\08665995820bbbd342532487f6008b65\redhat.java\ss_ws --stdio
java_class_path (initial): c:\Users\User Dell 151120\.vscode\extensions\redhat.java-1.25.1-win32-x64\server\plugins\org.eclipse.equinox.launcher_1.6.600.v20231106-1826.jar
Launcher Type: SUN_STANDARD

[Global flags]
    uintx AdaptiveSizePolicyWeight                 = 90                                        {product} {command line}
     intx CICompilerCount                          = 4                                         {product} {ergonomic}
    uintx GCTimeRatio                              = 4                                         {product} {command line}
   size_t InitialHeapSize                          = 104857600                                 {product} {command line}
   size_t MaxHeapSize                              = 1073741824                                {product} {command line}
   size_t MaxNewSize                               = 357564416                                 {product} {ergonomic}
   size_t MinHeapDeltaBytes                        = 524288                                    {product} {ergonomic}
   size_t MinHeapSize                              = 104857600                                 {product} {command line}
   size_t NewSize                                  = 34603008                                  {product} {ergonomic}
    uintx NonNMethodCodeHeapSize                   = 5839372                                {pd product} {ergonomic}
    uintx NonProfiledCodeHeapSize                  = 122909434                              {pd product} {ergonomic}
   size_t OldSize                                  = 70254592                                  {product} {ergonomic}
    uintx ProfiledCodeHeapSize                     = 122909434                              {pd product} {ergonomic}
    uintx ReservedCodeCacheSize                    = 251658240                              {pd product} {ergonomic}
     bool SegmentedCodeCache                       = true                                      {product} {ergonomic}
   size_t SoftMaxHeapSize                          = 1073741824                             {manageable} {ergonomic}
     bool UseCompressedClassPointers               = true                           {product lp64_product} {ergonomic}
     bool UseCompressedOops                        = true                           {product lp64_product} {ergonomic}
     bool UseLargePagesIndividualAllocation        = false                                  {pd product} {ergonomic}
     bool UseParallelGC                            = true                                      {product} {command line}

Logging:
Log output configuration:
 #0: stdout all=off uptime,level,tags
 #1: stderr all=off uptime,level,tags

Environment Variables:
JAVA_HOME=C:\Program Files\Java\jdk-17.0.1
PATH=C:\Program Files\Python38\Scripts\;C:\Program Files\Python38\;C:\Program Files (x86)\VMware\VMware Workstation\bin\;C:\Program Files\Common Files\Oracle\Java\javapath;C:\WINDOWS\system32;C:\WINDOWS;C:\WINDOWS\System32\Wbem;C:\WINDOWS\System32\WindowsPowerShell\v1.0\;C:\Program Files\Java\jdk-17.0.1\bin;C:\Program Files\dotnet\;.;C:\WINDOWS\System32\OpenSSH\;C:\Program Files\Microsoft SQL Server\Client SDK\ODBC\170\Tools\Binn\;C:\Program Files (x86)\Microsoft SQL Server\150\Tools\Binn\;C:\Program Files\Microsoft SQL Server\150\Tools\Binn\;C:\Program Files\Microsoft SQL Server\150\DTS\Binn\;C:\Program Files\Azure Data Studio\bin;C:\WINDOWS\system32;C:\WINDOWS;C:\WINDOWS\System32\Wbem;C:\WINDOWS\System32\WindowsPowerShell\v1.0\;C:\WINDOWS\System32\OpenSSH\;C:\Program Files (x86)\Microsoft SQL Server\160\Tools\Binn\;C:\Program Files\Microsoft SQL Server\160\Tools\Binn\;C:\Program Files\Microsoft SQL Server\160\DTS\Binn\;C:\Program Files (x86)\Microsoft SQL Server\160\DTS\Binn\;C:\Program Files\Git\cmd;C:\Program Files\nodejs\;C:\Program Files\MySQL\MySQL Shell 8.0\bin\;C:\Users\User Dell 151120\AppData\Local\Programs\Python\Python310\Scripts\;C:\Users\User Dell 151120\AppData\Local\Programs\Python\Python310\;C:\Users\User Dell 151120\AppData\Local\Microsoft\WindowsApps;C:\Users\User Dell 151120\.dotnet\tools;C:\Program Files (x86)\Dev-Cpp\MinGW64\bin;C:\Program Files\Azure Data Studio\bin;C:\Program Files\JetBrains\PyCharm Community Edition 2022.3.3\bin;;C:\Users\User Dell 151120\AppData\Local\Android\Sdk\platform-tools;E:\AppData\platform-tools;C:\Program Files\JetBrains\PyCharm 2023.2.4\bin;;C:\Users\User Dell 151120\AppData\Local\Programs\Microsoft VS Code\bin;C:\Users\User Dell 151120\AppData\Roaming\npm
USERNAME=User Dell 151120
OS=Windows_NT
PROCESSOR_IDENTIFIER=Intel64 Family 6 Model 126 Stepping 5, GenuineIntel
TMP=C:\Users\USERDE~1\AppData\Local\Temp
TEMP=C:\Users\USERDE~1\AppData\Local\Temp



Periodic native trim disabled


---------------  S Y S T E M  ---------------

OS:
 Windows 11 , 64 bit Build 22621 (10.0.22621.2506)
OS uptime: 15 days 19:12 hours

CPU: total 8 (initial active 8) (4 cores per cpu, 2 threads per core) family 6 model 126 stepping 5 microcode 0xbc, cx8, cmov, fxsr, ht, mmx, 3dnowpref, sse, sse2, sse3, ssse3, sse4.1, sse4.2, popcnt, lzcnt, tsc, tscinvbit, avx, avx2, aes, erms, clmul, bmi1, bmi2, adx, avx512f, avx512dq, avx512cd, avx512bw, avx512vl, sha, fma, vzeroupper, avx512_vpopcntdq, avx512_vpclmulqdq, avx512_vaes, avx512_vnni, clflush, clflushopt, avx512_vbmi2, avx512_vbmi
Processor Information for all 8 processors :
  Max Mhz: 1190, Current Mhz: 991, Mhz Limit: 987

Memory: 4k page, system-wide physical 7959M (323M free)
TotalPageFile size 32535M (AvailPageFile size 2M)
current process WorkingSet (physical memory assigned to process): 151M, peak: 164M
current process commit charge ("private bytes"): 241M, peak: 257M

vm_info: OpenJDK 64-Bit Server VM (17.0.9+9) for windows-amd64 JRE (17.0.9+9), built on Oct 26 2023 14:01:42 by "admin" with MS VC++ 16.10 / 16.11 (VS2019)

END.
