#
# There is insufficient memory for the Java Runtime Environment to continue.
# Native memory allocation (malloc) failed to allocate 42400 bytes for Chunk::new
# Possible reasons:
#   The system is out of physical RAM or swap space
#   The process is running with CompressedOops enabled, and the Java Heap may be blocking the growth of the native heap
# Possible solutions:
#   Reduce memory load on the system
#   Increase physical memory or swap space
#   Check if swap backing store is full
#   Decrease Java heap size (-Xmx/-Xms)
#   Decrease number of Java threads
#   Decrease Java thread stack sizes (-Xss)
#   Set larger code cache with -XX:ReservedCodeCacheSize=
#   JVM is running with Unscaled Compressed Oops mode in which the Java heap is
#     placed in the first 4GB address space. The Java Heap base address is the
#     maximum limit for the native heap growth. Please use -XX:HeapBaseMinAddress
#     to set the Java Heap base and to place the Java Heap above 4GB virtual address.
# This output file may be truncated or incomplete.
#
#  Out of Memory Error (arena.cpp:191), pid=7052, tid=24792
#
# JRE version: OpenJDK Runtime Environment Temurin-17.0.9+9 (17.0.9+9) (build 17.0.9+9)
# Java VM: OpenJDK 64-Bit Server VM Temurin-17.0.9+9 (17.0.9+9, mixed mode, tiered, compressed oops, compressed class ptrs, parallel gc, windows-amd64)
# No core dump will be written. Minidumps are not enabled by default on client versions of Windows
#

---------------  S U M M A R Y ------------

Command Line: --add-modules=ALL-SYSTEM --add-opens=java.base/java.util=ALL-UNNAMED --add-opens=java.base/java.lang=ALL-UNNAMED --add-opens=java.base/sun.nio.fs=ALL-UNNAMED -Declipse.application=org.eclipse.jdt.ls.core.id1 -Dosgi.bundles.defaultStartLevel=4 -Declipse.product=org.eclipse.jdt.ls.core.product -Djava.import.generatesMetadataFilesAtProjectRoot=false -DDetectVMInstallationsJob.disabled=true -Dfile.encoding=utf8 -XX:+UseParallelGC -XX:GCTimeRatio=4 -XX:AdaptiveSizePolicyWeight=90 -Dsun.zip.disableMemoryMapping=true -Xmx1G -Xms100m -Xlog:disable -javaagent:c:\Users\User Dell 151120\.vscode\extensions\redhat.java-1.25.1-win32-x64\lombok\lombok-1.18.30.jar c:\Users\User Dell 151120\.vscode\extensions\redhat.java-1.25.1-win32-x64\server\plugins\org.eclipse.equinox.launcher_1.6.600.v20231106-1826.jar -configuration c:\Users\User Dell 151120\AppData\Roaming\Code\User\globalStorage\redhat.java\1.25.1\config_ss_win -data c:\Users\User Dell 151120\AppData\Roaming\Code\User\workspaceStorage\08665995820bbbd342532487f6008b65\redhat.java\ss_ws --stdio

Host: Intel(R) Core(TM) i5-1035G1 CPU @ 1.00GHz, 8 cores, 7G,  Windows 11 , 64 bit Build 22621 (10.0.22621.2506)
Time: Tue Jan  2 15:11:45 2024 SE Asia Standard Time elapsed time: 2.763573 seconds (0d 0h 0m 2s)

---------------  T H R E A D  ---------------

Current thread (0x00000166fbb3cd20):  JavaThread "C2 CompilerThread1" daemon [_thread_in_native, id=24792, stack(0x0000005240300000,0x0000005240400000)]


Current CompileTask:
C2:   2763 1421       4       java.io.WinNTFileSystem::normalize (143 bytes)

Stack: [0x0000005240300000,0x0000005240400000]
Native frames: (J=compiled Java code, j=interpreted, Vv=VM code, C=native code)
V  [jvm.dll+0x67cf49]
V  [jvm.dll+0x83478a]
V  [jvm.dll+0x83624e]
V  [jvm.dll+0x8368b3]
V  [jvm.dll+0x247f1f]
V  [jvm.dll+0xac43c]
V  [jvm.dll+0xaca8c]
V  [jvm.dll+0x6cbe7b]
V  [jvm.dll+0x1bd8e1]
V  [jvm.dll+0x21a709]
V  [jvm.dll+0x2199d1]
V  [jvm.dll+0x1a57cd]
V  [jvm.dll+0x2297ae]
V  [jvm.dll+0x22797c]
V  [jvm.dll+0x7e9877]
V  [jvm.dll+0x7e3c3a]
V  [jvm.dll+0x67be35]
C  [ucrtbase.dll+0x29363]
C  [KERNEL32.DLL+0x1257d]
C  [ntdll.dll+0x5aa58]


---------------  P R O C E S S  ---------------

Threads class SMR info:
_java_thread_list=0x00000166fbf425d0, length=16, elements={
0x00000166ee489e80, 0x00000166f525f020, 0x00000166f5261c00, 0x00000166f526e380,
0x00000166ee537eb0, 0x00000166fa3a8050, 0x00000166fa3a8920, 0x00000166fa3ab200,
0x00000166fa3cd290, 0x00000166fa3ddf30, 0x00000166fa4a3380, 0x00000166fa6ac250,
0x00000166fbb3cd20, 0x00000166fbbc70b0, 0x00000166fc02e6d0, 0x00000166fc02ebb0
}

Java Threads: ( => current thread )
  0x00000166ee489e80 JavaThread "main" [_thread_blocked, id=8, stack(0x000000523ee00000,0x000000523ef00000)]
  0x00000166f525f020 JavaThread "Reference Handler" daemon [_thread_blocked, id=19032, stack(0x000000523f100000,0x000000523f200000)]
  0x00000166f5261c00 JavaThread "Finalizer" daemon [_thread_blocked, id=15508, stack(0x000000523f200000,0x000000523f300000)]
  0x00000166f526e380 JavaThread "Signal Dispatcher" daemon [_thread_blocked, id=13768, stack(0x000000523f300000,0x000000523f400000)]
  0x00000166ee537eb0 JavaThread "Attach Listener" daemon [_thread_blocked, id=2596, stack(0x000000523f400000,0x000000523f500000)]
  0x00000166fa3a8050 JavaThread "Service Thread" daemon [_thread_blocked, id=17364, stack(0x000000523f500000,0x000000523f600000)]
  0x00000166fa3a8920 JavaThread "Monitor Deflation Thread" daemon [_thread_blocked, id=12504, stack(0x000000523f600000,0x000000523f700000)]
  0x00000166fa3ab200 JavaThread "C2 CompilerThread0" daemon [_thread_blocked, id=23296, stack(0x000000523f700000,0x000000523f800000)]
  0x00000166fa3cd290 JavaThread "C1 CompilerThread0" daemon [_thread_blocked, id=19520, stack(0x000000523f800000,0x000000523f900000)]
  0x00000166fa3ddf30 JavaThread "Sweeper thread" daemon [_thread_blocked, id=20236, stack(0x000000523f900000,0x000000523fa00000)]
  0x00000166fa4a3380 JavaThread "Common-Cleaner" daemon [_thread_blocked, id=14920, stack(0x000000523fa00000,0x000000523fb00000)]
  0x00000166fa6ac250 JavaThread "Notification Thread" daemon [_thread_blocked, id=2888, stack(0x000000523fb00000,0x000000523fc00000)]
=>0x00000166fbb3cd20 JavaThread "C2 CompilerThread1" daemon [_thread_in_native, id=24792, stack(0x0000005240300000,0x0000005240400000)]
  0x00000166fbbc70b0 JavaThread "Active Thread: Equinox Container: a656bf2c-159a-47d8-a2dc-c6ea049fbb8e" [_thread_blocked, id=3740, stack(0x0000005240400000,0x0000005240500000)]
  0x00000166fc02e6d0 JavaThread "Framework Event Dispatcher: Equinox Container: a656bf2c-159a-47d8-a2dc-c6ea049fbb8e" daemon [_thread_blocked, id=22052, stack(0x0000005240500000,0x0000005240600000)]
  0x00000166fc02ebb0 JavaThread "Start Level: Equinox Container: a656bf2c-159a-47d8-a2dc-c6ea049fbb8e" daemon [_thread_in_vm, id=23924, stack(0x0000005240600000,0x0000005240700000)]

Other Threads:
  0x00000166fa3814b0 VMThread "VM Thread" [stack: 0x000000523f000000,0x000000523f100000] [id=19552]
  0x00000166fa73eb90 WatcherThread [stack: 0x000000523fc00000,0x000000523fd00000] [id=7996]
  0x00000166ee49f260 GCTaskThread "GC Thread#0" [stack: 0x000000523ef00000,0x000000523f000000] [id=24872]
  0x00000166fa6b0920 GCTaskThread "GC Thread#1" [stack: 0x000000523fd00000,0x000000523fe00000] [id=14820]
  0x00000166fb623660 GCTaskThread "GC Thread#2" [stack: 0x000000523fe00000,0x000000523ff00000] [id=25692]
  0x00000166fb623920 GCTaskThread "GC Thread#3" [stack: 0x000000523ff00000,0x0000005240000000] [id=9904]
  0x00000166fbecd030 GCTaskThread "GC Thread#4" [stack: 0x0000005240000000,0x0000005240100000] [id=6248]
  0x00000166fbecd2f0 GCTaskThread "GC Thread#5" [stack: 0x0000005240100000,0x0000005240200000] [id=23736]
  0x00000166fbecd5b0 GCTaskThread "GC Thread#6" [stack: 0x0000005240200000,0x0000005240300000] [id=25424]

Threads with active compile tasks:
C2 CompilerThread1     2803 1421       4       java.io.WinNTFileSystem::normalize (143 bytes)

VM state: not at safepoint (normal execution)

VM Mutex/Monitor currently owned by a thread: None

Heap address: 0x00000000c0000000, size: 1024 MB, Compressed Oops mode: 32-bit

CDS archive(s) not mapped
Compressed class space mapped at: 0x0000000100000000-0x0000000140000000, reserved size: 1073741824
Narrow klass base: 0x0000000000000000, Narrow klass shift: 3, Narrow klass range: 0x140000000

GC Precious Log:
 CPUs: 8 total, 8 available
 Memory: 7959M
 Large Page Support: Disabled
 NUMA Support: Disabled
 Compressed Oops: Enabled (32-bit)
 Alignments: Space 512K, Generation 512K, Heap 2M
 Heap Min Capacity: 100M
 Heap Initial Capacity: 100M
 Heap Max Capacity: 1G
 Pre-touch: Disabled
 Parallel Workers: 8

Heap:
 PSYoungGen      total 29696K, used 24243K [0x00000000eab00000, 0x00000000ecc00000, 0x0000000100000000)
  eden space 25600K, 82% used [0x00000000eab00000,0x00000000ebf98360,0x00000000ec400000)
  from space 4096K, 77% used [0x00000000ec400000,0x00000000ec714c38,0x00000000ec800000)
  to   space 4096K, 0% used [0x00000000ec800000,0x00000000ec800000,0x00000000ecc00000)
 ParOldGen       total 68608K, used 16K [0x00000000c0000000, 0x00000000c4300000, 0x00000000eab00000)
  object space 68608K, 0% used [0x00000000c0000000,0x00000000c0004000,0x00000000c4300000)
 Metaspace       used 13922K, committed 14144K, reserved 1114112K
  class space    used 1391K, committed 1472K, reserved 1048576K

Card table byte_map: [0x00000166f2ae0000,0x00000166f2cf0000] _byte_map_base: 0x00000166f24e0000

Marking Bits: (ParMarkBitMap*) 0x00007ffe8d80d0b0
 Begin Bits: [0x00000166f2e50000, 0x00000166f3e50000)
 End Bits:   [0x00000166f3e50000, 0x00000166f4e50000)

Polling page: 0x00000166ee540000

Metaspace:

Usage:
  Non-class:     12.24 MB used.
      Class:      1.36 MB used.
       Both:     13.60 MB used.

Virtual space:
  Non-class space:       64.00 MB reserved,      12.38 MB ( 19%) committed,  1 nodes.
      Class space:        1.00 GB reserved,       1.44 MB ( <1%) committed,  1 nodes.
             Both:        1.06 GB reserved,      13.81 MB (  1%) committed. 

Chunk freelists:
   Non-Class:  3.22 MB
       Class:  14.46 MB
        Both:  17.67 MB

MaxMetaspaceSize: unlimited
CompressedClassSpaceSize: 1.00 GB
Initial GC threshold: 21.00 MB
Current GC threshold: 21.00 MB
CDS: off
MetaspaceReclaimPolicy: balanced
 - commit_granule_bytes: 65536.
 - commit_granule_words: 8192.
 - virtual_space_node_default_size: 8388608.
 - enlarge_chunks_in_place: 1.
 - new_chunks_are_fully_committed: 0.
 - uncommit_free_chunks: 1.
 - use_allocation_guard: 0.
 - handle_deallocations: 1.


Internal statistics:

num_allocs_failed_limit: 0.
num_arena_births: 58.
num_arena_deaths: 0.
num_vsnodes_births: 2.
num_vsnodes_deaths: 0.
num_space_committed: 221.
num_space_uncommitted: 0.
num_chunks_returned_to_freelist: 0.
num_chunks_taken_from_freelist: 233.
num_chunk_merges: 0.
num_chunk_splits: 156.
num_chunks_enlarged: 126.
num_inconsistent_stats: 0.

CodeHeap 'non-profiled nmethods': size=120000Kb used=602Kb max_used=602Kb free=119398Kb
 bounds [0x0000016687ad0000, 0x0000016687d40000, 0x000001668f000000]
CodeHeap 'profiled nmethods': size=120000Kb used=2694Kb max_used=2694Kb free=117306Kb
 bounds [0x0000016680000000, 0x00000166802b0000, 0x0000016687530000]
CodeHeap 'non-nmethods': size=5760Kb used=1172Kb max_used=1194Kb free=4587Kb
 bounds [0x0000016687530000, 0x00000166877a0000, 0x0000016687ad0000]
 total_blobs=1926 nmethods=1476 adapters=364
 compilation: enabled
              stopped_count=0, restarted_count=0
 full_count=0

Compilation events (20 events):
Event: 2.670 Thread 0x00000166fa3ab200 nmethod 1432 0x0000016687b64990 code [0x0000016687b64b40, 0x0000016687b653d8]
Event: 2.670 Thread 0x00000166fa3ab200 1446       4       java.lang.System::getSecurityManager (12 bytes)
Event: 2.671 Thread 0x00000166fa3ab200 nmethod 1446 0x0000016687b65810 code [0x0000016687b65980, 0x0000016687b659f8]
Event: 2.671 Thread 0x00000166fa3ab200 1440       4       java.lang.invoke.MethodType::parameterType (7 bytes)
Event: 2.672 Thread 0x00000166fa3ab200 nmethod 1440 0x0000016687b65b10 code [0x0000016687b65c80, 0x0000016687b65d38]
Event: 2.707 Thread 0x00000166fa3cd290 1463       3       jdk.internal.reflect.ReflectionFactory::inflationThreshold (4 bytes)
Event: 2.707 Thread 0x00000166fa3cd290 nmethod 1463 0x000001668029b490 code [0x000001668029b620, 0x000001668029b718]
Event: 2.737 Thread 0x00000166fa3cd290 1464       3       java.util.RegularEnumSet::contains (57 bytes)
Event: 2.738 Thread 0x00000166fa3cd290 nmethod 1464 0x000001668029b790 code [0x000001668029b960, 0x000001668029bd68]
Event: 2.744 Thread 0x00000166fa3cd290 1465       3       java.lang.Character::codePointAt (51 bytes)
Event: 2.744 Thread 0x00000166fa3cd290 nmethod 1465 0x000001668029be90 code [0x000001668029c080, 0x000001668029c6e8]
Event: 2.747 Thread 0x00000166fa3cd290 1466       3       java.util.concurrent.locks.ReentrantReadWriteLock$Sync::sharedCount (5 bytes)
Event: 2.747 Thread 0x00000166fa3cd290 nmethod 1466 0x000001668029c890 code [0x000001668029ca20, 0x000001668029cb18]
Event: 2.747 Thread 0x00000166fa3cd290 1467       3       java.util.concurrent.locks.ReentrantReadWriteLock$ReadLock::lock (9 bytes)
Event: 2.748 Thread 0x00000166fa3cd290 nmethod 1467 0x000001668029cb90 code [0x000001668029cd40, 0x000001668029ce88]
Event: 2.748 Thread 0x00000166fa3cd290 1468       3       java.util.concurrent.locks.ReentrantReadWriteLock$Sync::tryAcquireShared (177 bytes)
Event: 2.749 Thread 0x00000166fa3cd290 nmethod 1468 0x000001668029cf90 code [0x000001668029d1e0, 0x000001668029dc88]
Event: 2.749 Thread 0x00000166fa3cd290 1469       3       java.util.concurrent.locks.ReentrantReadWriteLock$NonfairSync::readerShouldBlock (5 bytes)
Event: 2.749 Thread 0x00000166fa3cd290 nmethod 1469 0x000001668029e010 code [0x000001668029e1a0, 0x000001668029e2e8]
Event: 2.751 Thread 0x00000166fa3cd290 1470       3       java.util.concurrent.locks.ReentrantReadWriteLock$ReadLock::unlock (10 bytes)

GC Heap History (2 events):
Event: 1.746 GC heap before
{Heap before GC invocations=1 (full 0):
 PSYoungGen      total 29696K, used 25600K [0x00000000eab00000, 0x00000000ecc00000, 0x0000000100000000)
  eden space 25600K, 100% used [0x00000000eab00000,0x00000000ec400000,0x00000000ec400000)
  from space 4096K, 0% used [0x00000000ec800000,0x00000000ec800000,0x00000000ecc00000)
  to   space 4096K, 0% used [0x00000000ec400000,0x00000000ec400000,0x00000000ec800000)
 ParOldGen       total 68608K, used 0K [0x00000000c0000000, 0x00000000c4300000, 0x00000000eab00000)
  object space 68608K, 0% used [0x00000000c0000000,0x00000000c0000000,0x00000000c4300000)
 Metaspace       used 11002K, committed 11200K, reserved 1114112K
  class space    used 1098K, committed 1216K, reserved 1048576K
}
Event: 1.756 GC heap after
{Heap after GC invocations=1 (full 0):
 PSYoungGen      total 29696K, used 3155K [0x00000000eab00000, 0x00000000ecc00000, 0x0000000100000000)
  eden space 25600K, 0% used [0x00000000eab00000,0x00000000eab00000,0x00000000ec400000)
  from space 4096K, 77% used [0x00000000ec400000,0x00000000ec714c38,0x00000000ec800000)
  to   space 4096K, 0% used [0x00000000ec800000,0x00000000ec800000,0x00000000ecc00000)
 ParOldGen       total 68608K, used 16K [0x00000000c0000000, 0x00000000c4300000, 0x00000000eab00000)
  object space 68608K, 0% used [0x00000000c0000000,0x00000000c0004000,0x00000000c4300000)
 Metaspace       used 11002K, committed 11200K, reserved 1114112K
  class space    used 1098K, committed 1216K, reserved 1048576K
}

Dll operation events (9 events):
Event: 0.021 Loaded shared library c:\Users\User Dell 151120\.vscode\extensions\redhat.java-1.25.1-win32-x64\jre\17.0.9-win32-x86_64\bin\java.dll
Event: 0.347 Loaded shared library c:\Users\User Dell 151120\.vscode\extensions\redhat.java-1.25.1-win32-x64\jre\17.0.9-win32-x86_64\bin\zip.dll
Event: 0.352 Loaded shared library C:\Users\User Dell 151120\.vscode\extensions\redhat.java-1.25.1-win32-x64\jre\17.0.9-win32-x86_64\bin\instrument.dll
Event: 0.396 Loaded shared library C:\Users\User Dell 151120\.vscode\extensions\redhat.java-1.25.1-win32-x64\jre\17.0.9-win32-x86_64\bin\net.dll
Event: 0.400 Loaded shared library C:\Users\User Dell 151120\.vscode\extensions\redhat.java-1.25.1-win32-x64\jre\17.0.9-win32-x86_64\bin\nio.dll
Event: 0.415 Loaded shared library C:\Users\User Dell 151120\.vscode\extensions\redhat.java-1.25.1-win32-x64\jre\17.0.9-win32-x86_64\bin\zip.dll
Event: 0.449 Loaded shared library C:\Users\User Dell 151120\.vscode\extensions\redhat.java-1.25.1-win32-x64\jre\17.0.9-win32-x86_64\bin\jimage.dll
Event: 0.586 Loaded shared library c:\Users\User Dell 151120\.vscode\extensions\redhat.java-1.25.1-win32-x64\jre\17.0.9-win32-x86_64\bin\verify.dll
Event: 2.654 Loaded shared library C:\Users\User Dell 151120\AppData\Roaming\Code\User\globalStorage\redhat.java\1.25.1\config_ss_win\org.eclipse.equinox.launcher\org.eclipse.equinox.launcher.win32.win32.x86_64_1.2.800.v20231003-1442\eclipse_11802.dll

Deoptimization events (20 events):
Event: 1.927 Thread 0x00000166ee489e80 DEOPT PACKING pc=0x0000016687b0c114 sp=0x000000523eef85f0
Event: 1.927 Thread 0x00000166ee489e80 DEOPT UNPACKING pc=0x0000016687589ea3 sp=0x000000523eef8580 mode 2
Event: 1.948 Thread 0x00000166ee489e80 DEOPT PACKING pc=0x000001668006f0c5 sp=0x000000523eef3e20
Event: 1.948 Thread 0x00000166ee489e80 DEOPT UNPACKING pc=0x000001668758a9e3 sp=0x000000523eef32d0 mode 0
Event: 1.972 Thread 0x00000166ee489e80 DEOPT PACKING pc=0x000001668006f0c5 sp=0x000000523eef3e20
Event: 1.972 Thread 0x00000166ee489e80 DEOPT UNPACKING pc=0x000001668758a9e3 sp=0x000000523eef32d0 mode 0
Event: 1.981 Thread 0x00000166ee489e80 DEOPT PACKING pc=0x000001668006f0c5 sp=0x000000523eef7950
Event: 1.981 Thread 0x00000166ee489e80 DEOPT UNPACKING pc=0x000001668758a9e3 sp=0x000000523eef6e00 mode 0
Event: 2.010 Thread 0x00000166ee489e80 DEOPT PACKING pc=0x000001668006f0c5 sp=0x000000523eef3e30
Event: 2.010 Thread 0x00000166ee489e80 DEOPT UNPACKING pc=0x000001668758a9e3 sp=0x000000523eef32e0 mode 0
Event: 2.394 Thread 0x00000166ee489e80 Uncommon trap: trap_request=0xffffffde fr.pc=0x0000016687b3548c relative=0x000000000000094c
Event: 2.394 Thread 0x00000166ee489e80 Uncommon trap: reason=class_check action=maybe_recompile pc=0x0000016687b3548c method=java.util.HashMap.putVal(ILjava/lang/Object;Ljava/lang/Object;ZZ)Ljava/lang/Object; @ 253 c2
Event: 2.394 Thread 0x00000166ee489e80 DEOPT PACKING pc=0x0000016687b3548c sp=0x000000523eefde60
Event: 2.394 Thread 0x00000166ee489e80 DEOPT UNPACKING pc=0x0000016687589ea3 sp=0x000000523eefdde0 mode 2
Event: 2.398 Thread 0x00000166ee489e80 Uncommon trap: trap_request=0xffffffde fr.pc=0x0000016687b3548c relative=0x000000000000094c
Event: 2.398 Thread 0x00000166ee489e80 Uncommon trap: reason=class_check action=maybe_recompile pc=0x0000016687b3548c method=java.util.HashMap.putVal(ILjava/lang/Object;Ljava/lang/Object;ZZ)Ljava/lang/Object; @ 253 c2
Event: 2.398 Thread 0x00000166ee489e80 DEOPT PACKING pc=0x0000016687b3548c sp=0x000000523eefde60
Event: 2.398 Thread 0x00000166ee489e80 DEOPT UNPACKING pc=0x0000016687589ea3 sp=0x000000523eefdde0 mode 2
Event: 2.484 Thread 0x00000166ee489e80 DEOPT PACKING pc=0x0000016680114c61 sp=0x000000523eefc870
Event: 2.484 Thread 0x00000166ee489e80 DEOPT UNPACKING pc=0x000001668758a9e3 sp=0x000000523eefbcf8 mode 0

Classes unloaded (0 events):
No events

Classes redefined (0 events):
No events

Internal exceptions (20 events):
Event: 1.141 Thread 0x00000166ee489e80 Exception <a 'java/io/FileNotFoundException'{0x00000000eb888898}> (0x00000000eb888898) 
thrown [s\src\hotspot\share\prims\jni.cpp, line 516]
Event: 1.152 Thread 0x00000166ee489e80 Implicit null exception at 0x0000016687af4372 to 0x0000016687af48e8
Event: 1.160 Thread 0x00000166ee489e80 Exception <a 'java/io/FileNotFoundException'{0x00000000eb8c35e8}> (0x00000000eb8c35e8) 
thrown [s\src\hotspot\share\prims\jni.cpp, line 516]
Event: 1.553 Thread 0x00000166ee489e80 Exception <a 'java/lang/ClassNotFoundException'{0x00000000ec0c7548}: sun/net/www/protocol/c/Handler> (0x00000000ec0c7548) 
thrown [s\src\hotspot\share\classfile\systemDictionary.cpp, line 256]
Event: 1.554 Thread 0x00000166ee489e80 Exception <a 'java/lang/ClassNotFoundException'{0x00000000ec0c88e0}: sun/net/www/protocol/c/Handler> (0x00000000ec0c88e0) 
thrown [s\src\hotspot\share\classfile\systemDictionary.cpp, line 256]
Event: 1.554 Thread 0x00000166ee489e80 Exception <a 'java/lang/ClassNotFoundException'{0x00000000ec0c9ab0}: sun/net/www/protocol/c/Handler> (0x00000000ec0c9ab0) 
thrown [s\src\hotspot\share\classfile\systemDictionary.cpp, line 256]
Event: 1.568 Thread 0x00000166ee489e80 Exception <a 'java/io/FileNotFoundException'{0x00000000ec0e8f50}> (0x00000000ec0e8f50) 
thrown [s\src\hotspot\share\prims\jni.cpp, line 516]
Event: 1.642 Thread 0x00000166ee489e80 Implicit null exception at 0x0000016687b280fb to 0x0000016687b28aa0
Event: 1.642 Thread 0x00000166ee489e80 Implicit null exception at 0x0000016687b2086c to 0x0000016687b20a48
Event: 1.643 Thread 0x00000166ee489e80 Implicit null exception at 0x0000016687b1d3ec to 0x0000016687b1d5bc
Event: 1.643 Thread 0x00000166ee489e80 Implicit null exception at 0x0000016687b1298f to 0x0000016687b12a05
Event: 1.725 Thread 0x00000166ee489e80 Exception <a 'java/lang/NoSuchMethodError'{0x00000000ec3b5468}: 'int java.lang.invoke.DirectMethodHandle$Holder.invokeStaticInit(java.lang.Object, java.lang.Object, java.lang.Object, java.lang.Object)'> (0x00000000ec3b5468) 
thrown [s\src\hotspot\share\interpreter\linkResolver.cpp, line 759]
Event: 1.727 Thread 0x00000166ee489e80 Exception <a 'java/lang/NoSuchMethodError'{0x00000000ec3bfad8}: 'java.lang.Object java.lang.invoke.DirectMethodHandle$Holder.invokeInterface(java.lang.Object, java.lang.Object)'> (0x00000000ec3bfad8) 
thrown [s\src\hotspot\share\interpreter\linkResolver.cpp, line 759]
Event: 1.728 Thread 0x00000166ee489e80 Exception <a 'java/lang/IncompatibleClassChangeError'{0x00000000ec3c32d0}: Found class java.lang.Object, but interface was expected> (0x00000000ec3c32d0) 
thrown [s\src\hotspot\share\interpreter\linkResolver.cpp, line 826]
Event: 1.729 Thread 0x00000166ee489e80 Exception <a 'java/lang/NoSuchMethodError'{0x00000000ec3c77c8}: 'void java.lang.invoke.DirectMethodHandle$Holder.invokeStatic(java.lang.Object, java.lang.Object)'> (0x00000000ec3c77c8) 
thrown [s\src\hotspot\share\interpreter\linkResolver.cpp, line 759]
Event: 1.730 Thread 0x00000166ee489e80 Exception <a 'java/lang/NoSuchMethodError'{0x00000000ec3cafc8}: 'void java.lang.invoke.DirectMethodHandle$Holder.invokeStaticInit(java.lang.Object, java.lang.Object)'> (0x00000000ec3cafc8) 
thrown [s\src\hotspot\share\interpreter\linkResolver.cpp, line 759]
Event: 1.732 Thread 0x00000166ee489e80 Exception <a 'java/lang/NoSuchMethodError'{0x00000000ec3d23c0}: 'int java.lang.invoke.DirectMethodHandle$Holder.invokeStaticInit(java.lang.Object, java.lang.Object)'> (0x00000000ec3d23c0) 
thrown [s\src\hotspot\share\interpreter\linkResolver.cpp, line 759]
Event: 1.812 Thread 0x00000166ee489e80 Exception <a 'java/lang/NoSuchMethodError'{0x00000000eabfa860}: 'void java.lang.invoke.DirectMethodHandle$Holder.invokeSpecial(java.lang.Object, java.lang.Object, java.lang.Object)'> (0x00000000eabfa860) 
thrown [s\src\hotspot\share\interpreter\linkResolver.cpp, line 759]
Event: 2.334 Thread 0x00000166ee489e80 Exception <a 'java/lang/NoSuchMethodError'{0x00000000eb8b6248}: 'java.lang.Object java.lang.invoke.DirectMethodHandle$Holder.newInvokeSpecial(java.lang.Object, int, java.lang.Object)'> (0x00000000eb8b6248) 
thrown [s\src\hotspot\share\interpreter\linkResolver.cpp, line 759]
Event: 2.649 Thread 0x00000166ee489e80 Exception <a 'java/lang/UnsatisfiedLinkError'{0x00000000ebdf6830}: 'void org.eclipse.equinox.launcher.JNIBridge._update_splash()'> (0x00000000ebdf6830) 
thrown [s\src\hotspot\share\prims\nativeLookup.cpp, line 543]

VM Operations (18 events):
Event: 0.315 Executing VM operation: HandshakeAllThreads
Event: 0.315 Executing VM operation: HandshakeAllThreads done
Event: 1.087 Executing VM operation: HandshakeAllThreads
Event: 1.087 Executing VM operation: HandshakeAllThreads done
Event: 1.087 Executing VM operation: Cleanup
Event: 1.088 Executing VM operation: Cleanup done
Event: 1.120 Executing VM operation: HandshakeAllThreads
Event: 1.120 Executing VM operation: HandshakeAllThreads done
Event: 1.746 Executing VM operation: ParallelGCFailedAllocation
Event: 1.756 Executing VM operation: ParallelGCFailedAllocation done
Event: 2.265 Executing VM operation: HandshakeAllThreads
Event: 2.265 Executing VM operation: HandshakeAllThreads done
Event: 2.266 Executing VM operation: HandshakeAllThreads
Event: 2.266 Executing VM operation: HandshakeAllThreads done
Event: 2.286 Executing VM operation: HandshakeAllThreads
Event: 2.286 Executing VM operation: HandshakeAllThreads done
Event: 2.325 Executing VM operation: HandshakeAllThreads
Event: 2.325 Executing VM operation: HandshakeAllThreads done

Events (20 events):
Event: 2.524 loading class java/util/LinkedList$ListItr
Event: 2.524 loading class java/util/LinkedList$ListItr done
Event: 2.542 loading class sun/nio/fs/WindowsChannelFactory
Event: 2.542 loading class sun/nio/fs/WindowsChannelFactory done
Event: 2.543 loading class sun/nio/fs/WindowsChannelFactory$1
Event: 2.543 loading class sun/nio/fs/WindowsChannelFactory$1 done
Event: 2.543 loading class sun/nio/fs/WindowsChannelFactory$Flags
Event: 2.544 loading class sun/nio/fs/WindowsChannelFactory$Flags done
Event: 2.544 loading class sun/nio/ch/FileChannelImpl$Closer
Event: 2.545 loading class sun/nio/ch/FileChannelImpl$Closer done
Event: 2.641 Thread 0x00000166fc02e6d0 Thread added: 0x00000166fc02e6d0
Event: 2.649 Thread 0x00000166fc02ebb0 Thread added: 0x00000166fc02ebb0
Event: 2.654 loading class java/util/concurrent/locks/AbstractQueuedSynchronizer$SharedNode
Event: 2.654 loading class java/util/concurrent/locks/AbstractQueuedSynchronizer$SharedNode done
Event: 2.654 loading class java/util/concurrent/locks/AbstractQueuedSynchronizer$ExclusiveNode
Event: 2.655 loading class java/util/concurrent/locks/AbstractQueuedSynchronizer$ExclusiveNode done
Event: 2.740 loading class java/util/concurrent/CountDownLatch
Event: 2.740 loading class java/util/concurrent/CountDownLatch done
Event: 2.740 loading class java/util/concurrent/CountDownLatch$Sync
Event: 2.740 loading class java/util/concurrent/CountDownLatch$Sync done


Dynamic libraries:
0x00007ff7e4770000 - 0x00007ff7e477e000 	c:\Users\User Dell 151120\.vscode\extensions\redhat.java-1.25.1-win32-x64\jre\17.0.9-win32-x86_64\bin\java.exe
0x00007fff05e50000 - 0x00007fff06067000 	C:\WINDOWS\SYSTEM32\ntdll.dll
0x00007fff053f0000 - 0x00007fff054b4000 	C:\WINDOWS\System32\KERNEL32.DLL
0x00007fff034f0000 - 0x00007fff03897000 	C:\WINDOWS\System32\KERNELBASE.dll
0x00007fff03a60000 - 0x00007fff03b71000 	C:\WINDOWS\System32\ucrtbase.dll
0x00007ffee8150000 - 0x00007ffee8167000 	c:\Users\User Dell 151120\.vscode\extensions\redhat.java-1.25.1-win32-x64\jre\17.0.9-win32-x86_64\bin\jli.dll
0x00007fff03b80000 - 0x00007fff03d2e000 	C:\WINDOWS\System32\USER32.dll
0x00007fff038a0000 - 0x00007fff038c6000 	C:\WINDOWS\System32\win32u.dll
0x00007fff04470000 - 0x00007fff04499000 	C:\WINDOWS\System32\GDI32.dll
0x00007fff03940000 - 0x00007fff03a59000 	C:\WINDOWS\System32\gdi32full.dll
0x00007fff03450000 - 0x00007fff034ea000 	C:\WINDOWS\System32\msvcp_win.dll
0x00007ffef8380000 - 0x00007ffef839b000 	c:\Users\User Dell 151120\.vscode\extensions\redhat.java-1.25.1-win32-x64\jre\17.0.9-win32-x86_64\bin\VCRUNTIME140.dll
0x00007ffee1e90000 - 0x00007ffee2123000 	C:\WINDOWS\WinSxS\amd64_microsoft.windows.common-controls_6595b64144ccf1df_6.0.22621.2506_none_270c5ae97388e100\COMCTL32.dll
0x00007fff05730000 - 0x00007fff057d7000 	C:\WINDOWS\System32\msvcrt.dll
0x00007fff05d90000 - 0x00007fff05dc1000 	C:\WINDOWS\System32\IMM32.DLL
0x00007ffeef700000 - 0x00007ffeef70c000 	c:\Users\User Dell 151120\.vscode\extensions\redhat.java-1.25.1-win32-x64\jre\17.0.9-win32-x86_64\bin\vcruntime140_1.dll
0x00007ffebf0d0000 - 0x00007ffebf15d000 	c:\Users\User Dell 151120\.vscode\extensions\redhat.java-1.25.1-win32-x64\jre\17.0.9-win32-x86_64\bin\msvcp140.dll
0x00007ffe8cc70000 - 0x00007ffe8d8d1000 	c:\Users\User Dell 151120\.vscode\extensions\redhat.java-1.25.1-win32-x64\jre\17.0.9-win32-x86_64\bin\server\jvm.dll
0x00007fff044b0000 - 0x00007fff04560000 	C:\WINDOWS\System32\ADVAPI32.dll
0x00007fff05860000 - 0x00007fff05906000 	C:\WINDOWS\System32\sechost.dll
0x00007fff03df0000 - 0x00007fff03f07000 	C:\WINDOWS\System32\RPCRT4.dll
0x00007fff03070000 - 0x00007fff030bd000 	C:\WINDOWS\SYSTEM32\POWRPROF.dll
0x00007ffef1140000 - 0x00007ffef1174000 	C:\WINDOWS\SYSTEM32\WINMM.dll
0x00007ffed6010000 - 0x00007ffed6019000 	C:\WINDOWS\SYSTEM32\WSOCK32.dll
0x00007fff051b0000 - 0x00007fff05221000 	C:\WINDOWS\System32\WS2_32.dll
0x00007ffefc5a0000 - 0x00007ffefc5aa000 	C:\WINDOWS\SYSTEM32\VERSION.dll
0x00007fff03050000 - 0x00007fff03063000 	C:\WINDOWS\SYSTEM32\UMPDC.dll
0x00007fff02140000 - 0x00007fff02158000 	C:\WINDOWS\SYSTEM32\kernel.appcore.dll
0x00007ffeec350000 - 0x00007ffeec35a000 	c:\Users\User Dell 151120\.vscode\extensions\redhat.java-1.25.1-win32-x64\jre\17.0.9-win32-x86_64\bin\jimage.dll
0x00007fff00b60000 - 0x00007fff00d93000 	C:\WINDOWS\SYSTEM32\DBGHELP.DLL
0x00007fff04560000 - 0x00007fff048e9000 	C:\WINDOWS\System32\combase.dll
0x00007fff04300000 - 0x00007fff043d7000 	C:\WINDOWS\System32\OLEAUT32.dll
0x00007ffee2190000 - 0x00007ffee21c2000 	C:\WINDOWS\SYSTEM32\dbgcore.DLL
0x00007fff033d0000 - 0x00007fff0344a000 	C:\WINDOWS\System32\bcryptPrimitives.dll
0x00007ffeeb6b0000 - 0x00007ffeeb6be000 	c:\Users\User Dell 151120\.vscode\extensions\redhat.java-1.25.1-win32-x64\jre\17.0.9-win32-x86_64\bin\instrument.dll
0x00007ffec94e0000 - 0x00007ffec9505000 	c:\Users\User Dell 151120\.vscode\extensions\redhat.java-1.25.1-win32-x64\jre\17.0.9-win32-x86_64\bin\java.dll
0x00007ffed0c80000 - 0x00007ffed0c98000 	c:\Users\User Dell 151120\.vscode\extensions\redhat.java-1.25.1-win32-x64\jre\17.0.9-win32-x86_64\bin\zip.dll
0x00007fff04950000 - 0x00007fff051a9000 	C:\WINDOWS\System32\SHELL32.dll
0x00007fff010c0000 - 0x00007fff019b4000 	C:\WINDOWS\SYSTEM32\windows.storage.dll
0x00007fff00f80000 - 0x00007fff010be000 	C:\WINDOWS\SYSTEM32\wintypes.dll
0x00007fff05630000 - 0x00007fff05723000 	C:\WINDOWS\System32\SHCORE.dll
0x00007fff055d0000 - 0x00007fff0562e000 	C:\WINDOWS\System32\shlwapi.dll
0x00007fff030d0000 - 0x00007fff030f6000 	C:\WINDOWS\SYSTEM32\profapi.dll
0x00007ffed0bf0000 - 0x00007ffed0c09000 	C:\Users\User Dell 151120\.vscode\extensions\redhat.java-1.25.1-win32-x64\jre\17.0.9-win32-x86_64\bin\net.dll
0x00007ffefbc30000 - 0x00007ffefbd67000 	C:\WINDOWS\SYSTEM32\WINHTTP.dll
0x00007fff02620000 - 0x00007fff02689000 	C:\WINDOWS\system32\mswsock.dll
0x00007ffece8c0000 - 0x00007ffece8d6000 	C:\Users\User Dell 151120\.vscode\extensions\redhat.java-1.25.1-win32-x64\jre\17.0.9-win32-x86_64\bin\nio.dll
0x00007ffee9ae0000 - 0x00007ffee9af0000 	c:\Users\User Dell 151120\.vscode\extensions\redhat.java-1.25.1-win32-x64\jre\17.0.9-win32-x86_64\bin\verify.dll
0x00007ffebf7d0000 - 0x00007ffebf80e000 	C:\Users\User Dell 151120\AppData\Roaming\Code\User\globalStorage\redhat.java\1.25.1\config_ss_win\org.eclipse.equinox.launcher\org.eclipse.equinox.launcher.win32.win32.x86_64_1.2.800.v20231003-1442\eclipse_11802.dll
0x00007fff03f10000 - 0x00007fff040b0000 	C:\WINDOWS\System32\ole32.dll

dbghelp: loaded successfully - version: 4.0.5 - missing functions: none
symbol engine: initialized successfully - sym options: 0x614 - pdb path: .;c:\Users\User Dell 151120\.vscode\extensions\redhat.java-1.25.1-win32-x64\jre\17.0.9-win32-x86_64\bin;C:\WINDOWS\SYSTEM32;C:\WINDOWS\WinSxS\amd64_microsoft.windows.common-controls_6595b64144ccf1df_6.0.22621.2506_none_270c5ae97388e100;c:\Users\User Dell 151120\.vscode\extensions\redhat.java-1.25.1-win32-x64\jre\17.0.9-win32-x86_64\bin\server;C:\Users\User Dell 151120\AppData\Roaming\Code\User\globalStorage\redhat.java\1.25.1\config_ss_win\org.eclipse.equinox.launcher\org.eclipse.equinox.launcher.win32.win32.x86_64_1.2.800.v20231003-1442

VM Arguments:
jvm_args: --add-modules=ALL-SYSTEM --add-opens=java.base/java.util=ALL-UNNAMED --add-opens=java.base/java.lang=ALL-UNNAMED --add-opens=java.base/sun.nio.fs=ALL-UNNAMED -Declipse.application=org.eclipse.jdt.ls.core.id1 -Dosgi.bundles.defaultStartLevel=4 -Declipse.product=org.eclipse.jdt.ls.core.product -Djava.import.generatesMetadataFilesAtProjectRoot=false -DDetectVMInstallationsJob.disabled=true -Dfile.encoding=utf8 -XX:+UseParallelGC -XX:GCTimeRatio=4 -XX:AdaptiveSizePolicyWeight=90 -Dsun.zip.disableMemoryMapping=true -Xmx1G -Xms100m -Xlog:disable -javaagent:c:\Users\User Dell 151120\.vscode\extensions\redhat.java-1.25.1-win32-x64\lombok\lombok-1.18.30.jar 
java_command: c:\Users\User Dell 151120\.vscode\extensions\redhat.java-1.25.1-win32-x64\server\plugins\org.eclipse.equinox.launcher_1.6.600.v20231106-1826.jar -configuration c:\Users\User Dell 151120\AppData\Roaming\Code\User\globalStorage\redhat.java\1.25.1\config_ss_win -data c:\Users\User Dell 151120\AppData\Roaming\Code\User\workspaceStorage\08665995820bbbd342532487f6008b65\redhat.java\ss_ws --stdio
java_class_path (initial): c:\Users\User Dell 151120\.vscode\extensions\redhat.java-1.25.1-win32-x64\server\plugins\org.eclipse.equinox.launcher_1.6.600.v20231106-1826.jar
Launcher Type: SUN_STANDARD

[Global flags]
    uintx AdaptiveSizePolicyWeight                 = 90                                        {product} {command line}
     intx CICompilerCount                          = 4                                         {product} {ergonomic}
    uintx GCTimeRatio                              = 4                                         {product} {command line}
   size_t InitialHeapSize                          = 104857600                                 {product} {command line}
   size_t MaxHeapSize                              = 1073741824                                {product} {command line}
   size_t MaxNewSize                               = 357564416                                 {product} {ergonomic}
   size_t MinHeapDeltaBytes                        = 524288                                    {product} {ergonomic}
   size_t MinHeapSize                              = 104857600                                 {product} {command line}
   size_t NewSize                                  = 34603008                                  {product} {ergonomic}
    uintx NonNMethodCodeHeapSize                   = 5839372                                {pd product} {ergonomic}
    uintx NonProfiledCodeHeapSize                  = 122909434                              {pd product} {ergonomic}
   size_t OldSize                                  = 70254592                                  {product} {ergonomic}
    uintx ProfiledCodeHeapSize                     = 122909434                              {pd product} {ergonomic}
    uintx ReservedCodeCacheSize                    = 251658240                              {pd product} {ergonomic}
     bool SegmentedCodeCache                       = true                                      {product} {ergonomic}
   size_t SoftMaxHeapSize                          = 1073741824                             {manageable} {ergonomic}
     bool UseCompressedClassPointers               = true                           {product lp64_product} {ergonomic}
     bool UseCompressedOops                        = true                           {product lp64_product} {ergonomic}
     bool UseLargePagesIndividualAllocation        = false                                  {pd product} {ergonomic}
     bool UseParallelGC                            = true                                      {product} {command line}

Logging:
Log output configuration:
 #0: stdout all=off uptime,level,tags
 #1: stderr all=off uptime,level,tags

Environment Variables:
JAVA_HOME=C:\Program Files\Java\jdk-17.0.1
PATH=C:\Program Files\Python38\Scripts\;C:\Program Files\Python38\;C:\Program Files (x86)\VMware\VMware Workstation\bin\;C:\Program Files\Common Files\Oracle\Java\javapath;C:\WINDOWS\system32;C:\WINDOWS;C:\WINDOWS\System32\Wbem;C:\WINDOWS\System32\WindowsPowerShell\v1.0\;C:\Program Files\Java\jdk-17.0.1\bin;C:\Program Files\dotnet\;.;C:\WINDOWS\System32\OpenSSH\;C:\Program Files\Microsoft SQL Server\Client SDK\ODBC\170\Tools\Binn\;C:\Program Files (x86)\Microsoft SQL Server\150\Tools\Binn\;C:\Program Files\Microsoft SQL Server\150\Tools\Binn\;C:\Program Files\Microsoft SQL Server\150\DTS\Binn\;C:\Program Files\Azure Data Studio\bin;C:\WINDOWS\system32;C:\WINDOWS;C:\WINDOWS\System32\Wbem;C:\WINDOWS\System32\WindowsPowerShell\v1.0\;C:\WINDOWS\System32\OpenSSH\;C:\Program Files (x86)\Microsoft SQL Server\160\Tools\Binn\;C:\Program Files\Microsoft SQL Server\160\Tools\Binn\;C:\Program Files\Microsoft SQL Server\160\DTS\Binn\;C:\Program Files (x86)\Microsoft SQL Server\160\DTS\Binn\;C:\Program Files\Git\cmd;C:\Program Files\nodejs\;C:\Program Files\MySQL\MySQL Shell 8.0\bin\;C:\Users\User Dell 151120\AppData\Local\Programs\Python\Python310\Scripts\;C:\Users\User Dell 151120\AppData\Local\Programs\Python\Python310\;C:\Users\User Dell 151120\AppData\Local\Microsoft\WindowsApps;C:\Users\User Dell 151120\.dotnet\tools;C:\Program Files (x86)\Dev-Cpp\MinGW64\bin;C:\Program Files\Azure Data Studio\bin;C:\Program Files\JetBrains\PyCharm Community Edition 2022.3.3\bin;;C:\Users\User Dell 151120\AppData\Local\Android\Sdk\platform-tools;E:\AppData\platform-tools;C:\Program Files\JetBrains\PyCharm 2023.2.4\bin;;C:\Users\User Dell 151120\AppData\Local\Programs\Microsoft VS Code\bin;C:\Users\User Dell 151120\AppData\Roaming\npm
USERNAME=User Dell 151120
OS=Windows_NT
PROCESSOR_IDENTIFIER=Intel64 Family 6 Model 126 Stepping 5, GenuineIntel
TMP=C:\Users\USERDE~1\AppData\Local\Temp
TEMP=C:\Users\USERDE~1\AppData\Local\Temp



Periodic native trim disabled


---------------  S Y S T E M  ---------------

OS:
 Windows 11 , 64 bit Build 22621 (10.0.22621.2506)
OS uptime: 15 days 19:12 hours

CPU: total 8 (initial active 8) (4 cores per cpu, 2 threads per core) family 6 model 126 stepping 5 microcode 0xbc, cx8, cmov, fxsr, ht, mmx, 3dnowpref, sse, sse2, sse3, ssse3, sse4.1, sse4.2, popcnt, lzcnt, tsc, tscinvbit, avx, avx2, aes, erms, clmul, bmi1, bmi2, adx, avx512f, avx512dq, avx512cd, avx512bw, avx512vl, sha, fma, vzeroupper, avx512_vpopcntdq, avx512_vpclmulqdq, avx512_vaes, avx512_vnni, clflush, clflushopt, avx512_vbmi2, avx512_vbmi
Processor Information for all 8 processors :
  Max Mhz: 1190, Current Mhz: 991, Mhz Limit: 987

Memory: 4k page, system-wide physical 7959M (372M free)
TotalPageFile size 32535M (AvailPageFile size 1M)
current process WorkingSet (physical memory assigned to process): 84M, peak: 84M
current process commit charge ("private bytes"): 206M, peak: 206M

vm_info: OpenJDK 64-Bit Server VM (17.0.9+9) for windows-amd64 JRE (17.0.9+9), built on Oct 26 2023 14:01:42 by "admin" with MS VC++ 16.10 / 16.11 (VS2019)

END.
